***  Installation Started 08/02/2008 2:58  ***
Title: Aerosim Installation
Source: D:\install.EXE | 08-26-2003 | 17:02:22 | 13967767
Made Dir: C:\Program Files\737\ATA B737 FMST
File Copy: C:\Program Files\737\ATA B737 FMST\UNWISE.EXE | 12-05-2000 | 09:39:48 | | 149504 | 30fdd633
RegDB Key: Software\Microsoft\Windows\CurrentVersion\Uninstall\Aerosim B737 FMST 2.1.8.1
RegDB Val: Aerosim B737 FMST 2.1.8.1
RegDB Name: DisplayName
RegDB Root: 2
RegDB Key: Software\Microsoft\Windows\CurrentVersion\Uninstall\Aerosim B737 FMST 2.1.8.1
RegDB Val: C:\PROG~FBU\737\ATA_~23E\UNWISE.EXE C:\PROG~FBU\737\ATA_~23E\INSTALL.LOG
RegDB Name: UninstallString
RegDB Root: 2
File Copy: C:\Program Files\737\ATA B737 FMST\bwcc32.dll | 08-26-2003 | 11:34:46 | 2.2.2.2 | 218144 | f000e0cd
File Copy: C:\Program Files\737\ATA B737 FMST\bwcc.dll | 08-26-2003 | 11:34:46 | 2.2.2.1 | 157472 | bc080ac4
File Copy: C:\Program Files\737\ATA B737 FMST\cw3211.dll | 08-26-2003 | 11:34:46 | 4.2.0.0 | 188416 | ae769496
File Copy: C:\Program Files\737\ATA B737 FMST\cw3220.dll | 08-26-2003 | 11:34:46 | 4.2.0.0 | 229376 | ea262cf3
File Copy: C:\Program Files\737\ATA B737 FMST\cw3230.dll | 08-26-2003 | 11:34:46 | 4.2.0.0 | 303104 | c34ffb72
File Copy: C:\Program Files\737\ATA B737 FMST\DrUtil.exe | 08-26-2003 | 11:34:48 | | 36352 | 462e00f3
File Copy: C:\Program Files\737\ATA B737 FMST\drhelp.hlp | 08-26-2003 | 11:34:48 | | 896237 | 56a765f4
File Copy: C:\Program Files\737\ATA B737 FMST\DRHelp.cnt | 08-26-2003 | 11:34:46 | | 516 | 4d47b97d
File Copy: C:\Program Files\737\ATA B737 FMST\jpegdll.dll | 08-26-2003 | 11:34:48 | | 376832 | 1973c81e
File Copy: C:\Program Files\737\ATA B737 FMST\rtextdll.dll | 08-26-2003 | 11:34:50 | | 262206 | 9d6ab3e5
File Copy: C:\Program Files\737\ATA B737 FMST\gdiplus.dll | 08-26-2003 | 11:34:48 | 5.1.3097.0 | 1706800 | 45d253dc
File Copy: C:\Program Files\737\ATA B737 FMST\graphics.dll | 08-26-2003 | 11:34:48 | | 290890 | cf47ee3a
File Copy: C:\Program Files\737\ATA B737 FMST\lpe.hlp | 08-26-2003 | 11:34:50 | | 2070619 | 34d0460f
File Copy: C:\Program Files\737\ATA B737 FMST\lpe.cnt | 08-26-2003 | 11:34:48 | | 1009 | e0073da7
File Copy: C:\Program Files\737\ATA B737 FMST\toolbar.chm | 08-26-2003 | 11:34:50 | | 583904 | a02220a3
File Copy: C:\Program Files\737\ATA B737 FMST\user.cfg | 08-26-2003 | 11:34:50 | 1.0.0.0 | 842 | 1eea5613
Made Dir: C:\Program Files\737\ATA B737 FMST\temp
Made Dir: C:\Program Files\737\ATA B737 FMST\snap
File Copy: C:\Program Files\737\ATA B737 FMST\bgndload.bmp | 08-26-2003 | 11:34:44 | | 2337534 | ff2bd7c7
Made Dir: C:\Program Files\737\ATA B737 FMST\dsp
File Copy: C:\Program Files\737\ATA B737 FMST\dsp\B737.GCL | 08-26-2003 | 11:35:12 | | 4396 | 3d0294d1
File Copy: C:\Program Files\737\ATA B737 FMST\dsp\b737acar.gcp | 08-26-2003 | 11:35:12 | | 1308 | e3ea5571
File Copy: C:\Program Files\737\ATA B737 FMST\dsp\b737appr.gcp | 08-26-2003 | 11:35:12 | | 8571 | 96c35e0
File Copy: C:\Program Files\737\ATA B737 FMST\dsp\b737apt1.gcp | 08-26-2003 | 11:35:12 | | 8364 | e570683f
File Copy: C:\Program Files\737\ATA B737 FMST\dsp\b737aptx.gcp | 08-26-2003 | 11:35:12 | | 5575 | 3bf1520a
File Copy: C:\Program Files\737\ATA B737 FMST\dsp\b737clb.gcp | 08-26-2003 | 11:35:12 | | 9378 | ab189c28
File Copy: C:\Program Files\737\ATA B737 FMST\dsp\b737crz.gcp | 08-26-2003 | 11:35:12 | | 9378 | 2953481b
File Copy: C:\Program Files\737\ATA B737 FMST\dsp\b737daix.gcp | 08-26-2003 | 11:35:12 | | 4320 | 7579ea36
File Copy: C:\Program Files\737\ATA B737 FMST\dsp\b737des.gcp | 08-26-2003 | 11:35:12 | | 8571 | 3f18134a
File Copy: C:\Program Files\737\ATA B737 FMST\dsp\b737desf.gcp | 08-26-2003 | 11:35:12 | | 5343 | f9b8a554
File Copy: C:\Program Files\737\ATA B737 FMST\dsp\b737dist.gcp | 08-26-2003 | 11:35:12 | | 1308 | 8db89a72
File Copy: C:\Program Files\737\ATA B737 FMST\dsp\b737dpar.gcp | 08-26-2003 | 11:35:12 | | 7226 | cb9f0fba
File Copy: C:\Program Files\737\ATA B737 FMST\dsp\B737FIX.GCP | 08-26-2003 | 11:35:12 | | 6688 | a2987341
File Copy: C:\Program Files\737\ATA B737 FMST\dsp\b737fltr.gcp | 08-26-2003 | 11:35:12 | | 6419 | 3f7d954f
File Copy: C:\Program Files\737\ATA B737 FMST\dsp\b737fm31.gcp | 08-26-2003 | 11:35:12 | | 5343 | d4c0f6fe
File Copy: C:\Program Files\737\ATA B737 FMST\dsp\b737fm32.gcp | 08-26-2003 | 11:35:12 | | 2653 | 19ad5134
File Copy: C:\Program Files\737\ATA B737 FMST\dsp\b737fmc1.gcp | 08-26-2003 | 11:35:12 | | 8033 | 4b9fa398
File Copy: C:\Program Files\737\ATA B737 FMST\dsp\b737fmc2.gcp | 08-26-2003 | 11:35:12 | | 1308 | 5b82ded2
File Copy: C:\Program Files\737\ATA B737 FMST\dsp\b737fmc4.gcp | 08-26-2003 | 11:35:12 | | 4536 | 47b3c29
File Copy: C:\Program Files\737\ATA B737 FMST\dsp\b737fmc5.gcp | 08-26-2003 | 11:35:12 | | 7226 | dcfda80
File Copy: C:\Program Files\737\ATA B737 FMST\dsp\b737fmc6.gcp | 08-26-2003 | 11:35:14 | | 5612 | 63f3c006
File Copy: C:\Program Files\737\ATA B737 FMST\dsp\b737fmc7.gcp | 08-26-2003 | 11:35:14 | | 4536 | 4ba47855
File Copy: C:\Program Files\737\ATA B737 FMST\dsp\b737fmc8.gcp | 08-26-2003 | 11:35:14 | | 5612 | a2a71bcd
File Copy: C:\Program Files\737\ATA B737 FMST\dsp\b737fmc9.gcp | 08-26-2003 | 11:35:14 | | 2922 | 43e24f71
File Copy: C:\Program Files\737\ATA B737 FMST\dsp\b737fmcb.gcp | 08-26-2003 | 11:35:14 | | 1308 | 780d2007
File Copy: C:\Program Files\737\ATA B737 FMST\dsp\b737fsel.gcp | 08-26-2003 | 11:35:14 | | 3998 | e73597bb
File Copy: C:\Program Files\737\ATA B737 FMST\dsp\b737fsum.gcp | 08-26-2003 | 11:35:14 | | 4805 | a4af28f3
File Copy: C:\Program Files\737\ATA B737 FMST\dsp\b737hold.gcp | 08-26-2003 | 11:35:14 | | 6419 | e682953f
File Copy: C:\Program Files\737\ATA B737 FMST\dsp\b737idnt.gcp | 08-26-2003 | 11:35:14 | | 3998 | 88a7bcd2
File Copy: C:\Program Files\737\ATA B737 FMST\dsp\b737idt2.gcp | 08-26-2003 | 11:35:14 | | 3998 | 163b558a
File Copy: C:\Program Files\737\ATA B737 FMST\dsp\b737idt3.gcp | 08-26-2003 | 11:35:14 | | 1577 | 4591bcb
File Copy: C:\Program Files\737\ATA B737 FMST\dsp\B737INDX.GCP | 08-26-2003 | 11:35:14 | | 3191 | 1bc274e4
File Copy: C:\Program Files\737\ATA B737 FMST\dsp\B737IRSM.GCP | 08-26-2003 | 11:35:14 | | 3460 | b320f36a
File Copy: C:\Program Files\737\ATA B737 FMST\dsp\b737keyt.gcp | 08-26-2003 | 11:35:14 | | 1577 | fa04e13
File Copy: C:\Program Files\737\ATA B737 FMST\dsp\b737legs.gcp | 08-26-2003 | 11:35:14 | | 10185 | 812010ed
File Copy: C:\Program Files\737\ATA B737 FMST\dsp\b737loft.gcp | 08-26-2003 | 11:35:14 | | 3065 | f99efbd5
File Copy: C:\Program Files\737\ATA B737 FMST\dsp\B737MENU.GCP | 08-26-2003 | 11:35:14 | | 2115 | b67a7dfe
File Copy: C:\Program Files\737\ATA B737 FMST\dsp\b737mtix.gcp | 08-26-2003 | 11:35:14 | | 5074 | 43e5bb0e
File Copy: C:\Program Files\737\ATA B737 FMST\dsp\b737n1lm.gcp | 08-26-2003 | 11:35:14 | | 6957 | 58388141
File Copy: C:\Program Files\737\ATA B737 FMST\dsp\b737navs.gcp | 08-26-2003 | 11:35:14 | | 8838 | 7d69181c
File Copy: C:\Program Files\737\ATA B737 FMST\dsp\b737nopt.gcp | 08-26-2003 | 11:35:14 | | 4571 | 8ca4d8cc
File Copy: C:\Program Files\737\ATA B737 FMST\dsp\b737nsum.gcp | 08-26-2003 | 11:35:14 | | 5603 | fc1dd5e2
File Copy: C:\Program Files\737\ATA B737 FMST\dsp\b737pgrp.gcp | 08-26-2003 | 11:35:14 | | 5612 | cc8fb075
File Copy: C:\Program Files\737\ATA B737 FMST\dsp\b737pint.gcp | 08-26-2003 | 11:35:14 | | 4267 | dea466cd
File Copy: C:\Program Files\737\ATA B737 FMST\dsp\b737plim.gcp | 08-26-2003 | 11:35:14 | | 4805 | 2984afc6
File Copy: C:\Program Files\737\ATA B737 FMST\dsp\b737pref.gcp | 08-26-2003 | 11:35:14 | | 6077 | 2b4b0180
File Copy: C:\Program Files\737\ATA B737 FMST\dsp\b737prf3.gcp | 08-26-2003 | 11:35:14 | | 8302 | 7035eb13
File Copy: C:\Program Files\737\ATA B737 FMST\dsp\b737prfa.gcp | 08-26-2003 | 11:35:14 | | 6150 | 4bf5a9e8
File Copy: C:\Program Files\737\ATA B737 FMST\dsp\B737PRFB.GCP | 08-26-2003 | 11:35:14 | | 7226 | 40a8498
File Copy: C:\Program Files\737\ATA B737 FMST\dsp\b737prff.gcp | 08-26-2003 | 11:35:14 | | 3316 | a54fa385
File Copy: C:\Program Files\737\ATA B737 FMST\dsp\b737prg1.gcp | 08-26-2003 | 11:35:14 | | 11530 | e5df7418
File Copy: C:\Program Files\737\ATA B737 FMST\dsp\B737PRG2.GCP | 08-26-2003 | 11:35:14 | | 9378 | 94fad074
File Copy: C:\Program Files\737\ATA B737 FMST\dsp\b737prg3.gcp | 08-26-2003 | 11:35:14 | | 7764 | 45a93642
File Copy: C:\Program Files\737\ATA B737 FMST\dsp\b737rnav.gcp | 08-26-2003 | 11:35:14 | | 8033 | b655b458
File Copy: C:\Program Files\737\ATA B737 FMST\dsp\b737rte1.gcp | 08-26-2003 | 11:35:14 | | 7495 | d998770b
File Copy: C:\Program Files\737\ATA B737 FMST\dsp\B737RTE2.GCP | 08-26-2003 | 11:35:16 | | 6957 | 7c033f88
File Copy: C:\Program Files\737\ATA B737 FMST\dsp\B737RTED.GCP | 08-26-2003 | 11:35:16 | | 6957 | dde97908
File Copy: C:\Program Files\737\ATA B737 FMST\dsp\b737sns2.gcp | 08-26-2003 | 11:35:16 | | 4320 | b24707b7
File Copy: C:\Program Files\737\ATA B737 FMST\dsp\b737snsr.gcp | 08-26-2003 | 11:35:16 | | 8838 | af1890b6
File Copy: C:\Program Files\737\ATA B737 FMST\dsp\b737srte.gcp | 08-26-2003 | 11:35:16 | | 2115 | 12e480df
File Copy: C:\Program Files\737\ATA B737 FMST\dsp\b737swpt.gcp | 08-26-2003 | 11:35:16 | | 7583 | 56c32eec
File Copy: C:\Program Files\737\ATA B737 FMST\dsp\B737TLIM.GCP | 08-26-2003 | 11:35:16 | | 5881 | bd1d91f3
File Copy: C:\Program Files\737\ATA B737 FMST\dsp\b737to1a.gcp | 08-26-2003 | 11:35:16 | | 8033 | 4d42f376
File Copy: C:\Program Files\737\ATA B737 FMST\dsp\b737tof1.gcp | 08-26-2003 | 11:35:16 | | 8302 | fa26f123
File Copy: C:\Program Files\737\ATA B737 FMST\dsp\B737TOF2.GCP | 08-26-2003 | 11:35:16 | | 9109 | 9ccf116b
File Copy: C:\Program Files\737\ATA B737 FMST\dsp\b737tofa.gcp | 08-26-2003 | 11:35:16 | | 4850 | dcc92351
File Copy: C:\Program Files\737\ATA B737 FMST\dsp\blank.gcp | 08-26-2003 | 11:35:16 | | 1308 | ac9b0b33
File Copy: C:\Program Files\737\ATA B737 FMST\dsp\debug.gcp | 08-26-2003 | 11:35:16 | | 1308 | 382de136
File Copy: C:\Program Files\737\ATA B737 FMST\dsp\vssver.scc | 08-26-2003 | 11:35:16 | | 1120 | 94b110c7
File Copy: C:\Program Files\737\ATA B737 FMST\zsdgdi.dll | 08-26-2003 | 11:34:50 | | 167998 | c33ffaf1
File Copy: C:\Program Files\737\ATA B737 FMST\zsdgl.dll | 08-26-2003 | 11:34:50 | | 180285 | ebd0f803
Made Dir: C:\Program Files\737\ATA B737 FMST\ibs_fmst
File Copy: C:\Program Files\737\ATA B737 FMST\ibs_fmst\ac_cpt.ibs | 08-26-2003 | 11:53:06 | | 963 | 7e49e41b
File Copy: C:\Program Files\737\ATA B737 FMST\ibs_fmst\ac_cpt_fans.ibs | 08-26-2003 | 11:53:06 | | 2159 | f38b6153
File Copy: C:\Program Files\737\ATA B737 FMST\ibs_fmst\ac_cpt_mcdu.ibs | 08-26-2003 | 11:53:06 | | 2155 | 6c3f49f7
File Copy: C:\Program Files\737\ATA B737 FMST\ibs_fmst\ac_cpt_var1.ibs | 08-26-2003 | 11:53:06 | | 968 | d1b29e9e
File Copy: C:\Program Files\737\ATA B737 FMST\ibs_fmst\ac_cpt_var2.ibs | 08-26-2003 | 11:53:06 | | 968 | 10acbe70
File Copy: C:\Program Files\737\ATA B737 FMST\ibs_fmst\adf01.bmp | 08-26-2003 | 11:53:06 | | 472 | ed179532
File Copy: C:\Program Files\737\ATA B737 FMST\ibs_fmst\adf02.bmp | 08-26-2003 | 11:53:06 | | 608 | 4f20c394
File Copy: C:\Program Files\737\ATA B737 FMST\ibs_fmst\adf03.bmp | 08-26-2003 | 11:53:06 | | 596 | 8a882810
File Copy: C:\Program Files\737\ATA B737 FMST\ibs_fmst\adf04.bmp | 08-26-2003 | 11:53:06 | | 548 | 57b6c3b6
File Copy: C:\Program Files\737\ATA B737 FMST\ibs_fmst\adf05.bmp | 08-26-2003 | 11:53:06 | | 580 | 8568a9d9
File Copy: C:\Program Files\737\ATA B737 FMST\ibs_fmst\adf06.bmp | 08-26-2003 | 11:53:06 | | 604 | 646e0c8a
File Copy: C:\Program Files\737\ATA B737 FMST\ibs_fmst\adf07.bmp | 08-26-2003 | 11:53:06 | | 528 | a1d10c9
File Copy: C:\Program Files\737\ATA B737 FMST\ibs_fmst\adf08.bmp | 08-26-2003 | 11:53:06 | | 648 | ba1224be
File Copy: C:\Program Files\737\ATA B737 FMST\ibs_fmst\adf09.bmp | 08-26-2003 | 11:53:06 | | 624 | b7fa1504
File Copy: C:\Program Files\737\ATA B737 FMST\ibs_fmst\adf10.bmp | 08-26-2003 | 11:53:06 | | 648 | b87721bc
File Copy: C:\Program Files\737\ATA B737 FMST\ibs_fmst\adf101.ibs | 08-26-2003 | 11:53:06 | | 7723 | 3c834034
File Copy: C:\Program Files\737\ATA B737 FMST\ibs_fmst\adf12.bmp | 08-26-2003 | 11:53:06 | | 168 | ad542652
File Copy: C:\Program Files\737\ATA B737 FMST\ibs_fmst\adf13.bmp | 08-26-2003 | 11:53:06 | | 520 | b13f5a17
File Copy: C:\Program Files\737\ATA B737 FMST\ibs_fmst\adf14.bmp | 08-26-2003 | 11:53:06 | | 480 | 59246176
File Copy: C:\Program Files\737\ATA B737 FMST\ibs_fmst\adf15.bmp | 08-26-2003 | 11:53:06 | | 138 | ddbee5d1
File Copy: C:\Program Files\737\ATA B737 FMST\ibs_fmst\adf16.bmp | 08-26-2003 | 11:53:06 | | 166 | 9ad9e338
File Copy: C:\Program Files\737\ATA B737 FMST\ibs_fmst\autocontrol.bmp | 08-26-2003 | 11:53:06 | | 71478 | eb229912
File Copy: C:\Program Files\737\ATA B737 FMST\ibs_fmst\autocontrol.ibs | 08-26-2003 | 11:53:06 | | 1764 | 3b865c96
File Copy: C:\Program Files\737\ATA B737 FMST\ibs_fmst\Cancel Button_Avail.bmp | 08-26-2003 | 11:53:06 | | 7538 | 8329c059
File Copy: C:\Program Files\737\ATA B737 FMST\ibs_fmst\Cancel Button_Sel.bmp | 08-26-2003 | 11:53:06 | | 7542 | 6e2678ab
File Copy: C:\Program Files\737\ATA B737 FMST\ibs_fmst\cdu01.bmp | 08-26-2003 | 11:53:06 | | 1224 | 29c2c57e
File Copy: C:\Program Files\737\ATA B737 FMST\ibs_fmst\cdu02.bmp | 08-26-2003 | 11:53:06 | | 1352 | 415c898a
File Copy: C:\Program Files\737\ATA B737 FMST\ibs_fmst\cdu03.bmp | 08-26-2003 | 11:53:06 | | 1352 | fc331fd0
File Copy: C:\Program Files\737\ATA B737 FMST\ibs_fmst\cdu04.bmp | 08-26-2003 | 11:53:06 | | 1416 | 90454199
File Copy: C:\Program Files\737\ATA B737 FMST\ibs_fmst\cdu05.bmp | 08-26-2003 | 11:53:06 | | 1488 | 7498e1f9
File Copy: C:\Program Files\737\ATA B737 FMST\ibs_fmst\cdu101.ibs | 08-26-2003 | 11:53:06 | | 4287 | e7eccfd
File Copy: C:\Program Files\737\ATA B737 FMST\ibs_fmst\cdu101_fans.ibs | 08-26-2003 | 11:53:06 | | 4310 | d668c19d
File Copy: C:\Program Files\737\ATA B737 FMST\ibs_fmst\cdu101_var1.ibs | 08-26-2003 | 11:53:06 | | 4207 | abd7c4a1
File Copy: C:\Program Files\737\ATA B737 FMST\ibs_fmst\cdu101_var2.ibs | 08-26-2003 | 11:53:06 | | 4297 | 9a2499ca
File Copy: C:\Program Files\737\ATA B737 FMST\ibs_fmst\chadf100.bmp | 08-26-2003 | 11:53:06 | | 42480 | 5e401c43
File Copy: C:\Program Files\737\ATA B737 FMST\ibs_fmst\chadf101.bmp | 08-26-2003 | 11:53:06 | | 1976 | 4f75a52
File Copy: C:\Program Files\737\ATA B737 FMST\ibs_fmst\chadf102.bmp | 08-26-2003 | 11:53:06 | | 1976 | 760c4f4
File Copy: C:\Program Files\737\ATA B737 FMST\ibs_fmst\chadf103.bmp | 08-26-2003 | 11:53:08 | | 1976 | 10758f61
File Copy: C:\Program Files\737\ATA B737 FMST\ibs_fmst\chadf104.bmp | 08-26-2003 | 11:53:08 | | 2376 | 324e3fe6
File Copy: C:\Program Files\737\ATA B737 FMST\ibs_fmst\chadf105.bmp | 08-26-2003 | 11:53:08 | | 2376 | 200c24f7
File Copy: C:\Program Files\737\ATA B737 FMST\ibs_fmst\chadf106.bmp | 08-26-2003 | 11:53:08 | | 2376 | b860d477
File Copy: C:\Program Files\737\ATA B737 FMST\ibs_fmst\chadf107.bmp | 08-26-2003 | 11:53:08 | | 2376 | 96c51444
File Copy: C:\Program Files\737\ATA B737 FMST\ibs_fmst\chadf108.bmp | 08-26-2003 | 11:53:08 | | 2376 | 5e5064e
File Copy: C:\Program Files\737\ATA B737 FMST\ibs_fmst\chadf109.bmp | 08-26-2003 | 11:53:08 | | 2376 | 5e2e28
File Copy: C:\Program Files\737\ATA B737 FMST\ibs_fmst\chcdu.bmp | 08-26-2003 | 11:53:08 | | 139016 | 1744e9a9
File Copy: C:\Program Files\737\ATA B737 FMST\ibs_fmst\chcdu01var1.bmp | 08-26-2003 | 11:53:08 | | 604 | 6939a0d6
File Copy: C:\Program Files\737\ATA B737 FMST\ibs_fmst\chcdu03var1.bmp | 08-26-2003 | 11:53:08 | | 1060 | 7e03bb09
File Copy: C:\Program Files\737\ATA B737 FMST\ibs_fmst\chcdu100.bmp | 08-26-2003 | 11:53:08 | | 108792 | a8e3cfb2
File Copy: C:\Program Files\737\ATA B737 FMST\ibs_fmst\chcdu100peg.bmp | 08-26-2003 | 11:53:08 | | 108792 | 6d7f0b94
File Copy: C:\Program Files\737\ATA B737 FMST\ibs_fmst\chcdu100var1.bmp | 08-26-2003 | 11:53:08 | | 108792 | d677a51e
File Copy: C:\Program Files\737\ATA B737 FMST\ibs_fmst\chcdu100_var2.bmp | 08-26-2003 | 11:53:08 | | 108790 | 32962b3a
File Copy: C:\Program Files\737\ATA B737 FMST\ibs_fmst\chcdu101.bmp | 08-26-2003 | 11:53:08 | | 544 | bda966cc
File Copy: C:\Program Files\737\ATA B737 FMST\ibs_fmst\chcdu101peg.bmp | 08-26-2003 | 11:53:08 | | 468 | b5d68308
File Copy: C:\Program Files\737\ATA B737 FMST\ibs_fmst\chcdu101var1.bmp | 08-26-2003 | 11:53:08 | | 460 | f10485c1
File Copy: C:\Program Files\737\ATA B737 FMST\ibs_fmst\chcdu102var1.bmp | 08-26-2003 | 11:53:08 | | 988 | 83c12958
File Copy: C:\Program Files\737\ATA B737 FMST\ibs_fmst\chcdu200.bmp | 08-26-2003 | 11:53:08 | | 292248 | 25e75e27
File Copy: C:\Program Files\737\ATA B737 FMST\ibs_fmst\chcdu200peg.bmp | 08-26-2003 | 11:53:08 | | 292248 | f0557fb7
File Copy: C:\Program Files\737\ATA B737 FMST\ibs_fmst\chcdu200var1.bmp | 08-26-2003 | 11:53:08 | | 292248 | b5239f0c
File Copy: C:\Program Files\737\ATA B737 FMST\ibs_fmst\chcdu200_var2.bmp | 08-26-2003 | 11:53:08 | | 292246 | 4a1838e8
File Copy: C:\Program Files\737\ATA B737 FMST\ibs_fmst\chcdu201.bmp | 08-26-2003 | 11:53:08 | | 1268 | 1edad78f
File Copy: C:\Program Files\737\ATA B737 FMST\ibs_fmst\chcdu201peg.bmp | 08-26-2003 | 11:53:08 | | 1216 | f08166cc
File Copy: C:\Program Files\737\ATA B737 FMST\ibs_fmst\chcdu201var1.bmp | 08-26-2003 | 11:53:08 | | 1036 | f158358c
File Copy: C:\Program Files\737\ATA B737 FMST\ibs_fmst\chcdu202var1.bmp | 08-26-2003 | 11:53:08 | | 1680 | 64a03560
File Copy: C:\Program Files\737\ATA B737 FMST\ibs_fmst\chcdu_var1.bmp | 08-26-2003 | 11:53:08 | | 139016 | f96686d
File Copy: C:\Program Files\737\ATA B737 FMST\ibs_fmst\chctls01.bmp | 08-26-2003 | 11:53:08 | | 20456 | 37e424b7
File Copy: C:\Program Files\737\ATA B737 FMST\ibs_fmst\chctls02.bmp | 08-26-2003 | 11:53:08 | | 25656 | 20064d1
File Copy: C:\Program Files\737\ATA B737 FMST\ibs_fmst\chctls03.bmp | 08-26-2003 | 11:53:08 | | 22456 | 8fda15e6
File Copy: C:\Program Files\737\ATA B737 FMST\ibs_fmst\chdu.bmp | 08-26-2003 | 11:53:08 | | 192048 | 880ad731
File Copy: C:\Program Files\737\ATA B737 FMST\ibs_fmst\chefs.bmp | 08-26-2003 | 11:53:08 | | 35400 | 401983ec
File Copy: C:\Program Files\737\ATA B737 FMST\ibs_fmst\chmcdu100.bmp | 08-26-2003 | 11:53:08 | | 108508 | 552d0350
File Copy: C:\Program Files\737\ATA B737 FMST\ibs_fmst\chmcdu200.bmp | 08-26-2003 | 11:53:10 | | 292064 | ee3b18ca
File Copy: C:\Program Files\737\ATA B737 FMST\ibs_fmst\chmcp.bmp | 08-26-2003 | 11:53:10 | | 168120 | d463332e
File Copy: C:\Program Files\737\ATA B737 FMST\ibs_fmst\chmcp100.bmp | 08-26-2003 | 11:53:10 | | 95160 | a9f690b5
File Copy: C:\Program Files\737\ATA B737 FMST\ibs_fmst\chmcp118.bmp | 08-26-2003 | 11:53:10 | | 2328 | 66158bb2
File Copy: C:\Program Files\737\ATA B737 FMST\ibs_fmst\chmcp119.bmp | 08-26-2003 | 11:53:10 | | 528 | 9b4fdb79
File Copy: C:\Program Files\737\ATA B737 FMST\ibs_fmst\chmcp120.bmp | 08-26-2003 | 11:53:10 | | 1332 | 876f905
File Copy: C:\Program Files\737\ATA B737 FMST\ibs_fmst\chmcp121.bmp | 08-26-2003 | 11:53:10 | | 2760 | b1ec8fa8
File Copy: C:\Program Files\737\ATA B737 FMST\ibs_fmst\chmcp122.bmp | 08-26-2003 | 11:53:10 | | 2760 | 24adea95
File Copy: C:\Program Files\737\ATA B737 FMST\ibs_fmst\chmcp123.bmp | 08-26-2003 | 11:53:10 | | 2760 | 8c92b9ac
File Copy: C:\Program Files\737\ATA B737 FMST\ibs_fmst\chmcp124.bmp | 08-26-2003 | 11:53:10 | | 2760 | c118327e
File Copy: C:\Program Files\737\ATA B737 FMST\ibs_fmst\chmcp125.bmp | 08-26-2003 | 11:53:10 | | 4824 | a996b696
File Copy: C:\Program Files\737\ATA B737 FMST\ibs_fmst\chmcp126.bmp | 08-26-2003 | 11:53:10 | | 504 | 49dc4293
File Copy: C:\Program Files\737\ATA B737 FMST\ibs_fmst\chmcp127.bmp | 08-26-2003 | 11:53:10 | | 1104 | ae8f3681
File Copy: C:\Program Files\737\ATA B737 FMST\ibs_fmst\chmcp200.bmp | 08-26-2003 | 11:53:10 | | 168120 | 992db32e
File Copy: C:\Program Files\737\ATA B737 FMST\ibs_fmst\chmcp230.bmp | 08-26-2003 | 11:53:10 | | 5176 | 60f661da
File Copy: C:\Program Files\737\ATA B737 FMST\ibs_fmst\chmcp28.bmp | 08-26-2003 | 11:53:10 | | 4536 | 7b9ce617
File Copy: C:\Program Files\737\ATA B737 FMST\ibs_fmst\chmcp29.bmp | 08-26-2003 | 11:53:10 | | 4344 | 3b01b08d
File Copy: C:\Program Files\737\ATA B737 FMST\ibs_fmst\chmcp300.bmp | 08-26-2003 | 11:53:10 | | 95160 | 544ff905
File Copy: C:\Program Files\737\ATA B737 FMST\ibs_fmst\chmcp328.bmp | 08-26-2003 | 11:53:10 | | 3096 | b8a76186
File Copy: C:\Program Files\737\ATA B737 FMST\ibs_fmst\chmcp329.bmp | 08-26-2003 | 11:53:10 | | 2952 | 443817dc
File Copy: C:\Program Files\737\ATA B737 FMST\ibs_fmst\chmcp330.bmp | 08-26-2003 | 11:53:10 | | 2936 | 51148b2
File Copy: C:\Program Files\737\ATA B737 FMST\ibs_fmst\chnavl.bmp | 08-26-2003 | 11:53:10 | | 42424 | 12f032bb
File Copy: C:\Program Files\737\ATA B737 FMST\ibs_fmst\chnavr.bmp | 08-26-2003 | 11:53:10 | | 40792 | 96856e9c
File Copy: C:\Program Files\737\ATA B737 FMST\ibs_fmst\chvhf130.bmp | 08-26-2003 | 11:53:10 | | 1298 | d874ee04
File Copy: C:\Program Files\737\ATA B737 FMST\ibs_fmst\chvhf230.bmp | 08-26-2003 | 11:53:10 | | 1298 | 5e134ad
File Copy: C:\Program Files\737\ATA B737 FMST\ibs_fmst\closebook.bmp | 08-26-2003 | 11:53:10 | | 1486 | 888339cb
File Copy: C:\Program Files\737\ATA B737 FMST\ibs_fmst\du101.ibs | 08-26-2003 | 11:53:10 | | 554 | 9026af27
File Copy: C:\Program Files\737\ATA B737 FMST\ibs_fmst\ecp100.bmp | 08-26-2003 | 11:53:10 | | 26616 | 1c2e1399
File Copy: C:\Program Files\737\ATA B737 FMST\ibs_fmst\ecp101.bmp | 08-26-2003 | 11:53:10 | | 2884 | eadc5301
File Copy: C:\Program Files\737\ATA B737 FMST\ibs_fmst\ecp101.ibs | 08-26-2003 | 11:53:10 | | 6177 | 9f535591
File Copy: C:\Program Files\737\ATA B737 FMST\ibs_fmst\ecp102.bmp | 08-26-2003 | 11:53:10 | | 2972 | 1ef8f35b
File Copy: C:\Program Files\737\ATA B737 FMST\ibs_fmst\ecp103.bmp | 08-26-2003 | 11:53:10 | | 1344 | 48f2a630
File Copy: C:\Program Files\737\ATA B737 FMST\ibs_fmst\ecp104.bmp | 08-26-2003 | 11:53:10 | | 1324 | baf29e74
File Copy: C:\Program Files\737\ATA B737 FMST\ibs_fmst\ecp105.bmp | 08-26-2003 | 11:53:10 | | 2304 | ceba0fbc
File Copy: C:\Program Files\737\ATA B737 FMST\ibs_fmst\ecp106.bmp | 08-26-2003 | 11:53:10 | | 2304 | 64b02042
File Copy: C:\Program Files\737\ATA B737 FMST\ibs_fmst\ecp107.bmp | 08-26-2003 | 11:53:10 | | 2304 | 257109ba
File Copy: C:\Program Files\737\ATA B737 FMST\ibs_fmst\ecp108.bmp | 08-26-2003 | 11:53:10 | | 2304 | 87643a38
File Copy: C:\Program Files\737\ATA B737 FMST\ibs_fmst\ecp109.bmp | 08-26-2003 | 11:53:10 | | 2304 | afa18a44
File Copy: C:\Program Files\737\ATA B737 FMST\ibs_fmst\ecp110.bmp | 08-26-2003 | 11:53:10 | | 2304 | 6d232557
File Copy: C:\Program Files\737\ATA B737 FMST\ibs_fmst\ecp111.bmp | 08-26-2003 | 11:53:10 | | 2304 | 5bd3b7af
File Copy: C:\Program Files\737\ATA B737 FMST\ibs_fmst\ecp112.bmp | 08-26-2003 | 11:53:10 | | 2304 | c65159df
File Copy: C:\Program Files\737\ATA B737 FMST\ibs_fmst\ecp113.bmp | 08-26-2003 | 11:53:10 | | 2304 | 443f8aa3
File Copy: C:\Program Files\737\ATA B737 FMST\ibs_fmst\ecp114.bmp | 08-26-2003 | 11:53:10 | | 2304 | f7d6abe7
File Copy: C:\Program Files\737\ATA B737 FMST\ibs_fmst\ecp115.bmp | 08-26-2003 | 11:53:10 | | 1432 | eee493ff
File Copy: C:\Program Files\737\ATA B737 FMST\ibs_fmst\ecp116.bmp | 08-26-2003 | 11:53:10 | | 1432 | 709c7bcb
File Copy: C:\Program Files\737\ATA B737 FMST\ibs_fmst\ecp117.bmp | 08-26-2003 | 11:53:10 | | 6140 | 85ea4422
File Copy: C:\Program Files\737\ATA B737 FMST\ibs_fmst\ecp18.bmp | 08-26-2003 | 11:53:10 | | 1320 | a25d12
File Copy: C:\Program Files\737\ATA B737 FMST\ibs_fmst\efs01.bmp | 08-26-2003 | 11:53:10 | | 3576 | 3aab1fc9
File Copy: C:\Program Files\737\ATA B737 FMST\ibs_fmst\efs02.bmp | 08-26-2003 | 11:53:10 | | 3680 | d1abd610
File Copy: C:\Program Files\737\ATA B737 FMST\ibs_fmst\efs03.bmp | 08-26-2003 | 11:53:10 | | 1496 | e7f4e512
File Copy: C:\Program Files\737\ATA B737 FMST\ibs_fmst\efs04.bmp | 08-26-2003 | 11:53:10 | | 1496 | 1ebc44ea
File Copy: C:\Program Files\737\ATA B737 FMST\ibs_fmst\efs05.bmp | 08-26-2003 | 11:53:10 | | 2680 | cdefb834
File Copy: C:\Program Files\737\ATA B737 FMST\ibs_fmst\efs06.bmp | 08-26-2003 | 11:53:10 | | 2680 | 19f94255
File Copy: C:\Program Files\737\ATA B737 FMST\ibs_fmst\efs07.bmp | 08-26-2003 | 11:53:10 | | 2680 | 6f6b1000
File Copy: C:\Program Files\737\ATA B737 FMST\ibs_fmst\efs08.bmp | 08-26-2003 | 11:53:10 | | 2680 | 20dd557e
File Copy: C:\Program Files\737\ATA B737 FMST\ibs_fmst\efs09.bmp | 08-26-2003 | 11:53:10 | | 2680 | ed6b90e2
File Copy: C:\Program Files\737\ATA B737 FMST\ibs_fmst\efs10.bmp | 08-26-2003 | 11:53:10 | | 2680 | a30bb56a
File Copy: C:\Program Files\737\ATA B737 FMST\ibs_fmst\efs101.ibs | 08-26-2003 | 11:53:10 | | 3749 | 37a778da
File Copy: C:\Program Files\737\ATA B737 FMST\ibs_fmst\efs11.bmp | 08-26-2003 | 11:53:12 | | 2680 | 1cf38922
File Copy: C:\Program Files\737\ATA B737 FMST\ibs_fmst\efs12.bmp | 08-26-2003 | 11:53:12 | | 2680 | 86ebcd09
File Copy: C:\Program Files\737\ATA B737 FMST\ibs_fmst\efs13.bmp | 08-26-2003 | 11:53:12 | | 2680 | f5dc0784
File Copy: C:\Program Files\737\ATA B737 FMST\ibs_fmst\efs14.bmp | 08-26-2003 | 11:53:12 | | 2680 | 77e28a71
File Copy: C:\Program Files\737\ATA B737 FMST\ibs_fmst\efs15.bmp | 08-26-2003 | 11:53:12 | | 1496 | fb8ac19a
File Copy: C:\Program Files\737\ATA B737 FMST\ibs_fmst\efs16.bmp | 08-26-2003 | 11:53:12 | | 1496 | 9460f99a
File Copy: C:\Program Files\737\ATA B737 FMST\ibs_fmst\efs17.bmp | 08-26-2003 | 11:53:12 | | 7736 | 35a0f88e
File Copy: C:\Program Files\737\ATA B737 FMST\ibs_fmst\efs201.ibs | 08-26-2003 | 11:53:12 | | 3764 | e8a67ee6
File Copy: C:\Program Files\737\ATA B737 FMST\ibs_fmst\flap.bmp | 08-26-2003 | 11:53:12 | | 14048 | 23d34e88
File Copy: C:\Program Files\737\ATA B737 FMST\ibs_fmst\flap01.bmp | 08-26-2003 | 11:53:12 | | 612 | 2de7877d
File Copy: C:\Program Files\737\ATA B737 FMST\ibs_fmst\FLTCTRL01.bmp | 08-26-2003 | 11:53:12 | | 93254 | b5783f74
File Copy: C:\Program Files\737\ATA B737 FMST\ibs_fmst\fltctrl101.ibs | 08-26-2003 | 11:53:12 | | 436 | 9df382f6
File Copy: C:\Program Files\737\ATA B737 FMST\ibs_fmst\gear.bmp | 08-26-2003 | 11:53:12 | | 4288 | 589a00bc
File Copy: C:\Program Files\737\ATA B737 FMST\ibs_fmst\gear01.bmp | 08-26-2003 | 11:53:12 | | 688 | dc7ea5b8
File Copy: C:\Program Files\737\ATA B737 FMST\ibs_fmst\ibis.cfg | 08-26-2003 | 11:53:12 | | 1045 | 511036d1
File Copy: C:\Program Files\737\ATA B737 FMST\ibs_fmst\ibisfmst_lite.cfg | 08-26-2003 | 11:53:14 | | 239 | 9a0a0e89
File Copy: C:\Program Files\737\ATA B737 FMST\ibs_fmst\ibis_alteon.cfg | 08-26-2003 | 11:53:12 | | 1045 | 511036d1
File Copy: C:\Program Files\737\ATA B737 FMST\ibs_fmst\ibis_raaf.cfg | 08-26-2003 | 11:53:12 | | 1113 | 8ddc5fe0
File Copy: C:\Program Files\737\ATA B737 FMST\ibs_fmst\keys_BCKSPC.bmp | 08-26-2003 | 11:53:18 | | 3802 | dcd9ce37
File Copy: C:\Program Files\737\ATA B737 FMST\ibs_fmst\keys_BCKSPC_sel.bmp | 08-26-2003 | 11:53:18 | | 3810 | a35762e1
File Copy: C:\Program Files\737\ATA B737 FMST\ibs_fmst\keys_DEL.bmp | 08-26-2003 | 11:53:18 | | 1726 | 503e3fa7
File Copy: C:\Program Files\737\ATA B737 FMST\ibs_fmst\keys_DEL_sel.bmp | 08-26-2003 | 11:53:18 | | 1734 | 87d8f7af
File Copy: C:\Program Files\737\ATA B737 FMST\ibs_fmst\keys_ENTER.bmp | 08-26-2003 | 11:53:18 | | 3802 | 773040cc
File Copy: C:\Program Files\737\ATA B737 FMST\ibs_fmst\keys_ENTER_sel.bmp | 08-26-2003 | 11:53:18 | | 3802 | 81280c4
File Copy: C:\Program Files\737\ATA B737 FMST\ibs_fmst\keys_left_sel.bmp | 08-26-2003 | 11:53:18 | | 1734 | 76b55156
File Copy: C:\Program Files\737\ATA B737 FMST\ibs_fmst\keys_right_sel.bmp | 08-26-2003 | 11:53:18 | | 1738 | 5e59001c
File Copy: C:\Program Files\737\ATA B737 FMST\ibs_fmst\keys_SPACE_sel.bmp | 08-26-2003 | 11:53:20 | | 8462 | 67b74c84
File Copy: C:\Program Files\737\ATA B737 FMST\ibs_fmst\key_0.bmp | 08-26-2003 | 11:53:14 | | 1726 | b280e871
File Copy: C:\Program Files\737\ATA B737 FMST\ibs_fmst\key_0dash.bmp | 08-26-2003 | 11:53:16 | | 1726 | 73ab2d7c
File Copy: C:\Program Files\737\ATA B737 FMST\ibs_fmst\key_0dash_sel.bmp | 08-26-2003 | 11:53:16 | | 1734 | e053e43b
File Copy: C:\Program Files\737\ATA B737 FMST\ibs_fmst\key_0decimal.bmp | 08-26-2003 | 11:53:16 | | 1726 | ffb9da47
File Copy: C:\Program Files\737\ATA B737 FMST\ibs_fmst\key_0decimal_sel.bmp | 08-26-2003 | 11:53:16 | | 1746 | e2e6730d
File Copy: C:\Program Files\737\ATA B737 FMST\ibs_fmst\key_0_sel.bmp | 08-26-2003 | 11:53:16 | | 1734 | 596ca37
File Copy: C:\Program Files\737\ATA B737 FMST\ibs_fmst\key_1.bmp | 08-26-2003 | 11:53:16 | | 1726 | 60bbc896
File Copy: C:\Program Files\737\ATA B737 FMST\ibs_fmst\key_1_sel.bmp | 08-26-2003 | 11:53:16 | | 1734 | d5d5ee92
File Copy: C:\Program Files\737\ATA B737 FMST\ibs_fmst\key_2.bmp | 08-26-2003 | 11:53:16 | | 1726 | 49bc70a0
File Copy: C:\Program Files\737\ATA B737 FMST\ibs_fmst\key_2_sel.bmp | 08-26-2003 | 11:53:16 | | 1726 | b1484968
File Copy: C:\Program Files\737\ATA B737 FMST\ibs_fmst\key_3.bmp | 08-26-2003 | 11:53:16 | | 1726 | 9fac41ee
File Copy: C:\Program Files\737\ATA B737 FMST\ibs_fmst\key_3_sel.bmp | 08-26-2003 | 11:53:16 | | 1726 | 4ad8c36a
File Copy: C:\Program Files\737\ATA B737 FMST\ibs_fmst\key_4.bmp | 08-26-2003 | 11:53:16 | | 1726 | 977a47a1
File Copy: C:\Program Files\737\ATA B737 FMST\ibs_fmst\key_4_sel.bmp | 08-26-2003 | 11:53:16 | | 1730 | d7010914
File Copy: C:\Program Files\737\ATA B737 FMST\ibs_fmst\key_5.bmp | 08-26-2003 | 11:53:16 | | 1726 | 8ecd2625
File Copy: C:\Program Files\737\ATA B737 FMST\ibs_fmst\key_5_sel.bmp | 08-26-2003 | 11:53:16 | | 1746 | 77ce52c0
File Copy: C:\Program Files\737\ATA B737 FMST\ibs_fmst\key_6.bmp | 08-26-2003 | 11:53:16 | | 1722 | d7a98b44
File Copy: C:\Program Files\737\ATA B737 FMST\ibs_fmst\key_6_sel.bmp | 08-26-2003 | 11:53:16 | | 1734 | 4856ca7a
File Copy: C:\Program Files\737\ATA B737 FMST\ibs_fmst\key_7.bmp | 08-26-2003 | 11:53:16 | | 1726 | 19e5bcdd
File Copy: C:\Program Files\737\ATA B737 FMST\ibs_fmst\key_7_sel.bmp | 08-26-2003 | 11:53:16 | | 1746 | 12eac870
File Copy: C:\Program Files\737\ATA B737 FMST\ibs_fmst\key_8.bmp | 08-26-2003 | 11:53:16 | | 1726 | e82b59fc
File Copy: C:\Program Files\737\ATA B737 FMST\ibs_fmst\key_8_sel.bmp | 08-26-2003 | 11:53:16 | | 1730 | 86499b9b
File Copy: C:\Program Files\737\ATA B737 FMST\ibs_fmst\key_9.bmp | 08-26-2003 | 11:53:16 | | 1726 | cd84b481
File Copy: C:\Program Files\737\ATA B737 FMST\ibs_fmst\key_9_sel.bmp | 08-26-2003 | 11:53:16 | | 1734 | 57dc0279
File Copy: C:\Program Files\737\ATA B737 FMST\ibs_fmst\key_A_sel.bmp | 08-26-2003 | 11:53:16 | | 1734 | c8db57b9
File Copy: C:\Program Files\737\ATA B737 FMST\ibs_fmst\key_B_sel.bmp | 08-26-2003 | 11:53:16 | | 1738 | 12b3320a
File Copy: C:\Program Files\737\ATA B737 FMST\ibs_fmst\key_C_sel.bmp | 08-26-2003 | 11:53:16 | | 1738 | d0b1207b
File Copy: C:\Program Files\737\ATA B737 FMST\ibs_fmst\key_D_sel.bmp | 08-26-2003 | 11:53:16 | | 1738 | bb7df8ba
File Copy: C:\Program Files\737\ATA B737 FMST\ibs_fmst\key_E_sel.bmp | 08-26-2003 | 11:53:16 | | 1730 | 50785cfb
File Copy: C:\Program Files\737\ATA B737 FMST\ibs_fmst\key_F_sel.bmp | 08-26-2003 | 11:53:16 | | 1746 | 2f30f34
File Copy: C:\Program Files\737\ATA B737 FMST\ibs_fmst\key_G-sel.bmp | 08-26-2003 | 11:53:16 | | 1742 | 6f2f8cd5
File Copy: C:\Program Files\737\ATA B737 FMST\ibs_fmst\key_G_sel.bmp | 08-26-2003 | 11:53:16 | | 1742 | 6f2f8cd5
File Copy: C:\Program Files\737\ATA B737 FMST\ibs_fmst\key_H_sel.bmp | 08-26-2003 | 11:53:16 | | 1734 | 641a29c6
File Copy: C:\Program Files\737\ATA B737 FMST\ibs_fmst\key_I_sel.bmp | 08-26-2003 | 11:53:16 | | 1730 | 8d1850e7
File Copy: C:\Program Files\737\ATA B737 FMST\ibs_fmst\key_J_sel.bmp | 08-26-2003 | 11:53:16 | | 1730 | d621210b
File Copy: C:\Program Files\737\ATA B737 FMST\ibs_fmst\key_K_sel.bmp | 08-26-2003 | 11:53:16 | | 1738 | b85d203f
File Copy: C:\Program Files\737\ATA B737 FMST\ibs_fmst\key_L_sel.bmp | 08-26-2003 | 11:53:16 | | 1734 | 1c7580d2
File Copy: C:\Program Files\737\ATA B737 FMST\ibs_fmst\key_M_sel.bmp | 08-26-2003 | 11:53:16 | | 1730 | 4d88a79b
File Copy: C:\Program Files\737\ATA B737 FMST\ibs_fmst\key_N_sel.bmp | 08-26-2003 | 11:53:16 | | 1726 | 3fc15356
File Copy: C:\Program Files\737\ATA B737 FMST\ibs_fmst\key_O_sel.bmp | 08-26-2003 | 11:53:16 | | 1734 | 340015d6
File Copy: C:\Program Files\737\ATA B737 FMST\ibs_fmst\key_P_sel.bmp | 08-26-2003 | 11:53:16 | | 1738 | fab4a014
File Copy: C:\Program Files\737\ATA B737 FMST\ibs_fmst\key_Q_sel.bmp | 08-26-2003 | 11:53:18 | | 1738 | 9781f76e
File Copy: C:\Program Files\737\ATA B737 FMST\ibs_fmst\key_R_sel.bmp | 08-26-2003 | 11:53:18 | | 1738 | ab44d63b
File Copy: C:\Program Files\737\ATA B737 FMST\ibs_fmst\key_S_sel.bmp | 08-26-2003 | 11:53:18 | | 1722 | 47c1effe
File Copy: C:\Program Files\737\ATA B737 FMST\ibs_fmst\key_T_sel.bmp | 08-26-2003 | 11:53:18 | | 1726 | 7c92e7a0
File Copy: C:\Program Files\737\ATA B737 FMST\ibs_fmst\key_U_sel.bmp | 08-26-2003 | 11:53:18 | | 1734 | cfec61c0
File Copy: C:\Program Files\737\ATA B737 FMST\ibs_fmst\key_V_sel.bmp | 08-26-2003 | 11:53:18 | | 1734 | f977a614
File Copy: C:\Program Files\737\ATA B737 FMST\ibs_fmst\key_W_sel.bmp | 08-26-2003 | 11:53:18 | | 1738 | c23b9323
File Copy: C:\Program Files\737\ATA B737 FMST\ibs_fmst\key_X_sel.bmp | 08-26-2003 | 11:53:18 | | 1726 | 940c1bf2
File Copy: C:\Program Files\737\ATA B737 FMST\ibs_fmst\key_Y_sel.bmp | 08-26-2003 | 11:53:18 | | 1730 | b65cfba5
File Copy: C:\Program Files\737\ATA B737 FMST\ibs_fmst\key_Z_sel.bmp | 08-26-2003 | 11:53:18 | | 1738 | bc40eaef
File Copy: C:\Program Files\737\ATA B737 FMST\ibs_fmst\ldgrunway01.bmp | 08-26-2003 | 11:53:20 | | 3420 | 5f673030
File Copy: C:\Program Files\737\ATA B737 FMST\ibs_fmst\ldgrunway02.bmp | 08-26-2003 | 11:53:20 | | 3496 | 3b56dcdb
File Copy: C:\Program Files\737\ATA B737 FMST\ibs_fmst\ldgrunway03.bmp | 08-26-2003 | 11:53:20 | | 3304 | e3903ed3
File Copy: C:\Program Files\737\ATA B737 FMST\ibs_fmst\ldgrunway04.bmp | 08-26-2003 | 11:53:20 | | 3292 | 111df79d
File Copy: C:\Program Files\737\ATA B737 FMST\ibs_fmst\ldgrunway05.bmp | 08-26-2003 | 11:53:20 | | 3548 | 8a7a2728
File Copy: C:\Program Files\737\ATA B737 FMST\ibs_fmst\lrunway01.bmp | 08-26-2003 | 11:53:20 | | 2544 | a541b8ef
File Copy: C:\Program Files\737\ATA B737 FMST\ibs_fmst\lrunway02.bmp | 08-26-2003 | 11:53:20 | | 2592 | 3caa603b
File Copy: C:\Program Files\737\ATA B737 FMST\ibs_fmst\lrunway03.bmp | 08-26-2003 | 11:53:20 | | 2380 | 4c9fe06f
File Copy: C:\Program Files\737\ATA B737 FMST\ibs_fmst\lrunway04.bmp | 08-26-2003 | 11:53:20 | | 2424 | 429d668b
File Copy: C:\Program Files\737\ATA B737 FMST\ibs_fmst\lrunway05.bmp | 08-26-2003 | 11:53:20 | | 2644 | 1c17a5fc
File Copy: C:\Program Files\737\ATA B737 FMST\ibs_fmst\malfarm.bmp | 08-26-2003 | 11:53:20 | | 1144 | 70011213
File Copy: C:\Program Files\737\ATA B737 FMST\ibs_fmst\malfarm01.bmp | 08-26-2003 | 11:53:20 | | 9056 | 620dc7da
File Copy: C:\Program Files\737\ATA B737 FMST\ibs_fmst\malfarm02.bmp | 08-26-2003 | 11:53:20 | | 9056 | c42a18d6
File Copy: C:\Program Files\737\ATA B737 FMST\ibs_fmst\malfarm03.bmp | 08-26-2003 | 11:53:20 | | 9056 | 62917dd0
File Copy: C:\Program Files\737\ATA B737 FMST\ibs_fmst\malfset.bmp | 08-26-2003 | 11:53:20 | | 322 | 69419dd4
File Copy: C:\Program Files\737\ATA B737 FMST\ibs_fmst\malfunset.bmp | 08-26-2003 | 11:53:20 | | 322 | d1b7a4dd
File Copy: C:\Program Files\737\ATA B737 FMST\ibs_fmst\mcdu01.bmp | 08-26-2003 | 11:53:20 | | 920 | 816e4226
File Copy: C:\Program Files\737\ATA B737 FMST\ibs_fmst\mcdu02.bmp | 08-26-2003 | 11:53:20 | | 560 | 52d3377e
File Copy: C:\Program Files\737\ATA B737 FMST\ibs_fmst\mcdu03.bmp | 08-26-2003 | 11:53:20 | | 472 | 1c23b276
File Copy: C:\Program Files\737\ATA B737 FMST\ibs_fmst\mcdu04.bmp | 08-26-2003 | 11:53:20 | | 644 | f3649336
File Copy: C:\Program Files\737\ATA B737 FMST\ibs_fmst\mcdu05.bmp | 08-26-2003 | 11:53:20 | | 692 | a2df30a2
File Copy: C:\Program Files\737\ATA B737 FMST\ibs_fmst\mcdu101.ibs | 08-26-2003 | 11:53:20 | | 4825 | 113c4a20
File Copy: C:\Program Files\737\ATA B737 FMST\ibs_fmst\mcdu201.bmp | 08-26-2003 | 11:53:20 | | 768 | b98f7a3e
File Copy: C:\Program Files\737\ATA B737 FMST\ibs_fmst\mcp01.bmp | 08-26-2003 | 11:53:22 | | 392 | adc94899
File Copy: C:\Program Files\737\ATA B737 FMST\ibs_fmst\mcp02.bmp | 08-26-2003 | 11:53:22 | | 508 | 6640286e
File Copy: C:\Program Files\737\ATA B737 FMST\ibs_fmst\mcp03.bmp | 08-26-2003 | 11:53:22 | | 504 | 8610c8eb
File Copy: C:\Program Files\737\ATA B737 FMST\ibs_fmst\mcp04.bmp | 08-26-2003 | 11:53:22 | | 484 | 3a5a10d2
File Copy: C:\Program Files\737\ATA B737 FMST\ibs_fmst\mcp05.bmp | 08-26-2003 | 11:53:22 | | 504 | cc5fd613
File Copy: C:\Program Files\737\ATA B737 FMST\ibs_fmst\mcp06.bmp | 08-26-2003 | 11:53:22 | | 532 | 8cc8a297
File Copy: C:\Program Files\737\ATA B737 FMST\ibs_fmst\mcp07.bmp | 08-26-2003 | 11:53:22 | | 436 | 3cb726f8
File Copy: C:\Program Files\737\ATA B737 FMST\ibs_fmst\mcp08.bmp | 08-26-2003 | 11:53:22 | | 536 | 3c40c4f
File Copy: C:\Program Files\737\ATA B737 FMST\ibs_fmst\mcp09.bmp | 08-26-2003 | 11:53:22 | | 548 | e07d870f
File Copy: C:\Program Files\737\ATA B737 FMST\ibs_fmst\mcp10.bmp | 08-26-2003 | 11:53:22 | | 556 | e59806f
File Copy: C:\Program Files\737\ATA B737 FMST\ibs_fmst\mcp101.ibs | 08-26-2003 | 11:53:22 | | 15427 | a4d25de9
File Copy: C:\Program Files\737\ATA B737 FMST\ibs_fmst\mcp11.bmp | 08-26-2003 | 11:53:22 | | 344 | 4005c83e
File Copy: C:\Program Files\737\ATA B737 FMST\ibs_fmst\mcp12.bmp | 08-26-2003 | 11:53:22 | | 392 | 511a6418
File Copy: C:\Program Files\737\ATA B737 FMST\ibs_fmst\mcp13.bmp | 08-26-2003 | 11:53:22 | | 500 | 9d6e10f
File Copy: C:\Program Files\737\ATA B737 FMST\ibs_fmst\mcp14.bmp | 08-26-2003 | 11:53:22 | | 316 | 1da1916c
File Copy: C:\Program Files\737\ATA B737 FMST\ibs_fmst\mcp15.bmp | 08-26-2003 | 11:53:22 | | 840 | b7c3a75d
File Copy: C:\Program Files\737\ATA B737 FMST\ibs_fmst\mcp16.bmp | 08-26-2003 | 11:53:22 | | 1120 | 3149886
File Copy: C:\Program Files\737\ATA B737 FMST\ibs_fmst\mcp17.bmp | 08-26-2003 | 11:53:22 | | 2600 | 32d483c9
File Copy: C:\Program Files\737\ATA B737 FMST\ibs_fmst\mcp18.bmp | 08-26-2003 | 11:53:22 | | 3160 | 66c74e2a
File Copy: C:\Program Files\737\ATA B737 FMST\ibs_fmst\mcp19.bmp | 08-26-2003 | 11:53:22 | | 720 | 2a9c6a88
File Copy: C:\Program Files\737\ATA B737 FMST\ibs_fmst\mcp20.bmp | 08-26-2003 | 11:53:22 | | 1560 | 4729a5b3
File Copy: C:\Program Files\737\ATA B737 FMST\ibs_fmst\mcp21.bmp | 08-26-2003 | 11:53:22 | | 4216 | b9cc613b
File Copy: C:\Program Files\737\ATA B737 FMST\ibs_fmst\mcp22.bmp | 08-26-2003 | 11:53:22 | | 4216 | a479f7a8
File Copy: C:\Program Files\737\ATA B737 FMST\ibs_fmst\mcp23.bmp | 08-26-2003 | 11:53:22 | | 4216 | e5f159f9
File Copy: C:\Program Files\737\ATA B737 FMST\ibs_fmst\mcp24.bmp | 08-26-2003 | 11:53:22 | | 4216 | b7c43559
File Copy: C:\Program Files\737\ATA B737 FMST\ibs_fmst\mcp25.bmp | 08-26-2003 | 11:53:22 | | 7776 | 30875839
File Copy: C:\Program Files\737\ATA B737 FMST\ibs_fmst\mcp26.bmp | 08-26-2003 | 11:53:22 | | 664 | 996f8d95
File Copy: C:\Program Files\737\ATA B737 FMST\ibs_fmst\mcp27.bmp | 08-26-2003 | 11:53:22 | | 1464 | 615e3f2f
File Copy: C:\Program Files\737\ATA B737 FMST\ibs_fmst\nav01.bmp | 08-26-2003 | 11:53:22 | | 472 | ed179532
File Copy: C:\Program Files\737\ATA B737 FMST\ibs_fmst\nav02.bmp | 08-26-2003 | 11:53:22 | | 608 | 4f20c394
File Copy: C:\Program Files\737\ATA B737 FMST\ibs_fmst\nav03.bmp | 08-26-2003 | 11:53:22 | | 596 | 8a882810
File Copy: C:\Program Files\737\ATA B737 FMST\ibs_fmst\nav04.bmp | 08-26-2003 | 11:53:22 | | 548 | 57b6c3b6
File Copy: C:\Program Files\737\ATA B737 FMST\ibs_fmst\nav05.bmp | 08-26-2003 | 11:53:22 | | 580 | 8568a9d9
File Copy: C:\Program Files\737\ATA B737 FMST\ibs_fmst\nav06.bmp | 08-26-2003 | 11:53:22 | | 604 | 646e0c8a
File Copy: C:\Program Files\737\ATA B737 FMST\ibs_fmst\nav07.bmp | 08-26-2003 | 11:53:22 | | 528 | a1d10c9
File Copy: C:\Program Files\737\ATA B737 FMST\ibs_fmst\nav08.bmp | 08-26-2003 | 11:53:22 | | 648 | ba1224be
File Copy: C:\Program Files\737\ATA B737 FMST\ibs_fmst\nav09.bmp | 08-26-2003 | 11:53:22 | | 624 | b7fa1504
File Copy: C:\Program Files\737\ATA B737 FMST\ibs_fmst\nav10.bmp | 08-26-2003 | 11:53:22 | | 648 | b87721bc
File Copy: C:\Program Files\737\ATA B737 FMST\ibs_fmst\nav11.bmp | 08-26-2003 | 11:53:22 | | 412 | db4dd8b7
File Copy: C:\Program Files\737\ATA B737 FMST\ibs_fmst\nav12.bmp | 08-26-2003 | 11:53:22 | | 168 | ad542652
File Copy: C:\Program Files\737\ATA B737 FMST\ibs_fmst\Navl101.ibs | 08-26-2003 | 11:53:22 | | 3879 | c169e126
File Copy: C:\Program Files\737\ATA B737 FMST\ibs_fmst\Navr101.ibs | 08-26-2003 | 11:53:22 | | 3879 | c64045b1
File Copy: C:\Program Files\737\ATA B737 FMST\ibs_fmst\OK Button_Avail.bmp | 08-26-2003 | 11:53:22 | | 7534 | 51b086e6
File Copy: C:\Program Files\737\ATA B737 FMST\ibs_fmst\OK Button_Sel.bmp | 08-26-2003 | 11:53:22 | | 7538 | 627a81e
File Copy: C:\Program Files\737\ATA B737 FMST\ibs_fmst\openbook.bmp | 08-26-2003 | 11:53:24 | | 1486 | ab04c38d
File Copy: C:\Program Files\737\ATA B737 FMST\ibs_fmst\reset01.bmp | 08-26-2003 | 11:53:24 | | 3076 | 54fc360a
File Copy: C:\Program Files\737\ATA B737 FMST\ibs_fmst\reset02.bmp | 08-26-2003 | 11:53:24 | | 3080 | 65c60695
File Copy: C:\Program Files\737\ATA B737 FMST\ibs_fmst\reset03.bmp | 08-26-2003 | 11:53:24 | | 3076 | fa585864
File Copy: C:\Program Files\737\ATA B737 FMST\ibs_fmst\resetall01.bmp | 08-26-2003 | 11:53:24 | | 3076 | ab63f2a6
File Copy: C:\Program Files\737\ATA B737 FMST\ibs_fmst\resetall02.bmp | 08-26-2003 | 11:53:24 | | 3080 | 79fc7c62
File Copy: C:\Program Files\737\ATA B737 FMST\ibs_fmst\resetall03.bmp | 08-26-2003 | 11:53:24 | | 3076 | 14ec8dff
File Copy: C:\Program Files\737\ATA B737 FMST\ibs_fmst\runway01.bmp | 08-26-2003 | 11:53:24 | | 2012 | 5a378aca
File Copy: C:\Program Files\737\ATA B737 FMST\ibs_fmst\runway03.bmp | 08-26-2003 | 11:53:24 | | 2012 | c712168e
File Copy: C:\Program Files\737\ATA B737 FMST\ibs_fmst\runway04.bmp | 08-26-2003 | 11:53:24 | | 2016 | 5b6970ed
File Copy: C:\Program Files\737\ATA B737 FMST\ibs_fmst\sbrk.bmp | 08-26-2003 | 11:53:24 | | 5720 | a9f85af5
File Copy: C:\Program Files\737\ATA B737 FMST\ibs_fmst\sbrk01.bmp | 08-26-2003 | 11:53:24 | | 736 | ad1c4b45
File Copy: C:\Program Files\737\ATA B737 FMST\ibs_fmst\separator.bmp | 08-26-2003 | 11:53:26 | | 2182 | 18e8e01d
File Copy: C:\Program Files\737\ATA B737 FMST\ibs_fmst\set01.bmp | 08-26-2003 | 11:53:26 | | 3076 | 65e08705
File Copy: C:\Program Files\737\ATA B737 FMST\ibs_fmst\set02.bmp | 08-26-2003 | 11:53:30 | | 3080 | 442ed89f
File Copy: C:\Program Files\737\ATA B737 FMST\ibs_fmst\set03.bmp | 08-26-2003 | 11:53:30 | | 3076 | 33d60a1c
File Copy: C:\Program Files\737\ATA B737 FMST\ibs_fmst\smflp101.ibs | 08-26-2003 | 11:53:30 | | 1210 | e6195759
File Copy: C:\Program Files\737\ATA B737 FMST\ibs_fmst\smgear101.ibs | 08-26-2003 | 11:53:30 | | 773 | 4c3bfe3d
File Copy: C:\Program Files\737\ATA B737 FMST\ibs_fmst\smsbk101.ibs | 08-26-2003 | 11:53:30 | | 1203 | b567f348
File Copy: C:\Program Files\737\ATA B737 FMST\ibs_fmst\smthr101.ibs | 08-26-2003 | 11:53:32 | | 1876 | a8773df
File Copy: C:\Program Files\737\ATA B737 FMST\ibs_fmst\snapshotlimit.ibs | 08-26-2003 | 11:53:32 | | 2920 | d947d4ba
File Copy: C:\Program Files\737\ATA B737 FMST\ibs_fmst\tbaccl01.bmp | 08-26-2003 | 11:53:32 | | 2092 | 800488f7
File Copy: C:\Program Files\737\ATA B737 FMST\ibs_fmst\tbaccl02.bmp | 08-26-2003 | 11:53:32 | | 2104 | fb280187
File Copy: C:\Program Files\737\ATA B737 FMST\ibs_fmst\tbaccl03.bmp | 08-26-2003 | 11:53:32 | | 2284 | 3857ef7d
File Copy: C:\Program Files\737\ATA B737 FMST\ibs_fmst\tbaccl04.bmp | 08-26-2003 | 11:53:32 | | 2116 | 3b2c98d2
File Copy: C:\Program Files\737\ATA B737 FMST\ibs_fmst\tbaccl05.bmp | 08-26-2003 | 11:53:32 | | 2520 | 96529751
File Copy: C:\Program Files\737\ATA B737 FMST\ibs_fmst\tbacepwr01.bmp | 08-26-2003 | 11:53:32 | | 1736 | 4e3e2d20
File Copy: C:\Program Files\737\ATA B737 FMST\ibs_fmst\tbacepwr02.bmp | 08-26-2003 | 11:53:32 | | 1736 | 6919cc85
File Copy: C:\Program Files\737\ATA B737 FMST\ibs_fmst\tbacepwr03.bmp | 08-26-2003 | 11:53:32 | | 1736 | f0c7ec1a
File Copy: C:\Program Files\737\ATA B737 FMST\ibs_fmst\tbacepwr04.bmp | 08-26-2003 | 11:53:32 | | 1736 | edfe6633
File Copy: C:\Program Files\737\ATA B737 FMST\ibs_fmst\tbacepwr05.bmp | 08-26-2003 | 11:53:32 | | 1736 | 8dfabcee
File Copy: C:\Program Files\737\ATA B737 FMST\ibs_fmst\Tbadmn01.bmp | 08-26-2003 | 11:53:32 | | 1518 | 86888d6
File Copy: C:\Program Files\737\ATA B737 FMST\ibs_fmst\Tbadmn02.bmp | 08-26-2003 | 11:53:32 | | 1518 | cf899126
File Copy: C:\Program Files\737\ATA B737 FMST\ibs_fmst\tbalfz01.BMP | 08-26-2003 | 11:53:32 | | 1518 | 6fc8add2
File Copy: C:\Program Files\737\ATA B737 FMST\ibs_fmst\tbalfz02.BMP | 08-26-2003 | 11:53:32 | | 1518 | 6bcdc610
File Copy: C:\Program Files\737\ATA B737 FMST\ibs_fmst\tbalfz03.BMP | 08-26-2003 | 11:53:32 | | 1518 | db4547e8
File Copy: C:\Program Files\737\ATA B737 FMST\ibs_fmst\tbalfz04.BMP | 08-26-2003 | 11:53:32 | | 2986 | 1072b8f3
File Copy: C:\Program Files\737\ATA B737 FMST\ibs_fmst\tbalfzs01.bmp | 08-26-2003 | 11:53:32 | | 6536 | 84edbe5
File Copy: C:\Program Files\737\ATA B737 FMST\ibs_fmst\tbalfzs02.bmp | 08-26-2003 | 11:53:32 | | 6536 | 6d5c54dc
File Copy: C:\Program Files\737\ATA B737 FMST\ibs_fmst\tbalfzs04.bmp | 08-26-2003 | 11:53:32 | | 6536 | 83207422
File Copy: C:\Program Files\737\ATA B737 FMST\ibs_fmst\tbapus01.bmp | 08-26-2003 | 11:53:32 | | 2870 | 7e6e552f
File Copy: C:\Program Files\737\ATA B737 FMST\ibs_fmst\tbapus02.bmp | 08-26-2003 | 11:53:32 | | 2870 | 2ee1ccd1
File Copy: C:\Program Files\737\ATA B737 FMST\ibs_fmst\tbapus03.bmp | 08-26-2003 | 11:53:32 | | 2862 | 4d5a1775
File Copy: C:\Program Files\737\ATA B737 FMST\ibs_fmst\tbaslg01.bmp | 08-26-2003 | 11:53:32 | | 4118 | 2f33ac4d
File Copy: C:\Program Files\737\ATA B737 FMST\ibs_fmst\tbastp01.bmp | 08-26-2003 | 11:53:32 | | 1518 | fa817344
File Copy: C:\Program Files\737\ATA B737 FMST\ibs_fmst\tbastp02.bmp | 08-26-2003 | 11:53:32 | | 1518 | 3d606ab4
File Copy: C:\Program Files\737\ATA B737 FMST\ibs_fmst\tbcanc01.bmp | 08-26-2003 | 11:53:32 | | 3628 | af7194c0
File Copy: C:\Program Files\737\ATA B737 FMST\ibs_fmst\tbcanc02.bmp | 08-26-2003 | 11:53:32 | | 3628 | 843b945a
File Copy: C:\Program Files\737\ATA B737 FMST\ibs_fmst\tbchgm01.bmp | 08-26-2003 | 11:53:34 | | 1518 | 1be570e6
File Copy: C:\Program Files\737\ATA B737 FMST\ibs_fmst\tbchgm02.bmp | 08-26-2003 | 11:53:34 | | 1518 | dc046916
File Copy: C:\Program Files\737\ATA B737 FMST\ibs_fmst\tbchgm03.bmp | 08-26-2003 | 11:53:34 | | 1518 | 5ff0235b
File Copy: C:\Program Files\737\ATA B737 FMST\ibs_fmst\tbcont01.bmp | 08-26-2003 | 11:53:34 | | 2208 | 2f85db89
File Copy: C:\Program Files\737\ATA B737 FMST\ibs_fmst\tbcont02.bmp | 08-26-2003 | 11:53:34 | | 2140 | cd9d25da
File Copy: C:\Program Files\737\ATA B737 FMST\ibs_fmst\tbcont03.bmp | 08-26-2003 | 11:53:34 | | 2184 | fd1b5a14
File Copy: C:\Program Files\737\ATA B737 FMST\ibs_fmst\tbcont04.bmp | 08-26-2003 | 11:53:34 | | 2168 | 4a92df98
File Copy: C:\Program Files\737\ATA B737 FMST\ibs_fmst\tbcont05.bmp | 08-26-2003 | 11:53:34 | | 2544 | ff8d4999
File Copy: C:\Program Files\737\ATA B737 FMST\ibs_fmst\tbdcepwr01.bmp | 08-26-2003 | 11:53:34 | | 1736 | 28ae3dab
File Copy: C:\Program Files\737\ATA B737 FMST\ibs_fmst\tbdcepwr02.bmp | 08-26-2003 | 11:53:34 | | 1736 | ece41587
File Copy: C:\Program Files\737\ATA B737 FMST\ibs_fmst\tbdcepwr03.bmp | 08-26-2003 | 11:53:34 | | 1736 | 35d6dffa
File Copy: C:\Program Files\737\ATA B737 FMST\ibs_fmst\tbdcepwr04.bmp | 08-26-2003 | 11:53:34 | | 1736 | 4ac7e1be
File Copy: C:\Program Files\737\ATA B737 FMST\ibs_fmst\tbdcepwr05.bmp | 08-26-2003 | 11:53:34 | | 1736 | 920edb5f
File Copy: C:\Program Files\737\ATA B737 FMST\ibs_fmst\tbdrcls01.bmp | 08-26-2003 | 11:53:34 | | 2872 | 96a33cd6
File Copy: C:\Program Files\737\ATA B737 FMST\ibs_fmst\tbdrcls02.bmp | 08-26-2003 | 11:53:34 | | 2872 | 7971ad5
File Copy: C:\Program Files\737\ATA B737 FMST\ibs_fmst\tbdrcls03.bmp | 08-26-2003 | 11:53:34 | | 8456 | 796ddf73
File Copy: C:\Program Files\737\ATA B737 FMST\ibs_fmst\tbdrcls04.bmp | 08-26-2003 | 11:53:34 | | 8456 | 35e8e87b
File Copy: C:\Program Files\737\ATA B737 FMST\ibs_fmst\tbdrmenu01.bmp | 08-26-2003 | 11:53:34 | | 8456 | c5d256f3
File Copy: C:\Program Files\737\ATA B737 FMST\ibs_fmst\tbdrmenu02.bmp | 08-26-2003 | 11:53:34 | | 8456 | 219d0fe1
File Copy: C:\Program Files\737\ATA B737 FMST\ibs_fmst\tbdrmenu03.bmp | 08-26-2003 | 11:53:34 | | 8456 | 236e150f
File Copy: C:\Program Files\737\ATA B737 FMST\ibs_fmst\tbdropn01.bmp | 08-26-2003 | 11:53:34 | | 2872 | bd0f7d90
File Copy: C:\Program Files\737\ATA B737 FMST\ibs_fmst\tbdropn02.bmp | 08-26-2003 | 11:53:34 | | 8456 | 990f6541
File Copy: C:\Program Files\737\ATA B737 FMST\ibs_fmst\tbe1fr01.bmp | 08-26-2003 | 11:53:34 | | 1518 | ef45fbef
File Copy: C:\Program Files\737\ATA B737 FMST\ibs_fmst\tbe1fr02.bmp | 08-26-2003 | 11:53:34 | | 1518 | 28a4e21f
File Copy: C:\Program Files\737\ATA B737 FMST\ibs_fmst\tbe1fr03.bmp | 08-26-2003 | 11:53:34 | | 1518 | bf31b1de
File Copy: C:\Program Files\737\ATA B737 FMST\ibs_fmst\tbeair01.bmp | 08-26-2003 | 11:53:34 | | 8456 | 52da3efa
File Copy: C:\Program Files\737\ATA B737 FMST\ibs_fmst\tbeair02.bmp | 08-26-2003 | 11:53:34 | | 8456 | b69567e8
File Copy: C:\Program Files\737\ATA B737 FMST\ibs_fmst\tbeair03.bmp | 08-26-2003 | 11:53:34 | | 8456 | 21a2036f
File Copy: C:\Program Files\737\ATA B737 FMST\ibs_fmst\tbeair04.bmp | 08-26-2003 | 11:53:34 | | 2888 | 688d3992
File Copy: C:\Program Files\737\ATA B737 FMST\ibs_fmst\Tbenvn01.bmp | 08-26-2003 | 11:53:34 | | 1518 | 183660dd
File Copy: C:\Program Files\737\ATA B737 FMST\ibs_fmst\Tbenvn02.bmp | 08-26-2003 | 11:53:34 | | 1518 | dfd7792d
File Copy: C:\Program Files\737\ATA B737 FMST\ibs_fmst\tbepwr01.bmp | 08-26-2003 | 11:53:34 | | 2870 | 8e476f0f
File Copy: C:\Program Files\737\ATA B737 FMST\ibs_fmst\tbepwr02.bmp | 08-26-2003 | 11:53:34 | | 2870 | dec8f6f1
File Copy: C:\Program Files\737\ATA B737 FMST\ibs_fmst\tbepwr03.bmp | 08-26-2003 | 11:53:34 | | 2862 | 354e8a65
File Copy: C:\Program Files\737\ATA B737 FMST\ibs_fmst\tbepwr04.bmp | 08-26-2003 | 11:53:34 | | 2888 | 89c6e5d7
File Copy: C:\Program Files\737\ATA B737 FMST\ibs_fmst\tbexit01.bmp | 08-26-2003 | 11:53:34 | | 2344 | 56cc2fa4
File Copy: C:\Program Files\737\ATA B737 FMST\ibs_fmst\tbexit01a.bmp | 08-26-2003 | 11:53:34 | | 2378 | e958e396
File Copy: C:\Program Files\737\ATA B737 FMST\ibs_fmst\tbexit01b.bmp | 08-26-2003 | 11:53:34 | | 2342 | 9ddb8a03
File Copy: C:\Program Files\737\ATA B737 FMST\ibs_fmst\tbexit02.bmp | 08-26-2003 | 11:53:34 | | 2600 | a8992f22
File Copy: C:\Program Files\737\ATA B737 FMST\ibs_fmst\tbexit02a.bmp | 08-26-2003 | 11:53:34 | | 2574 | 9875e37d
File Copy: C:\Program Files\737\ATA B737 FMST\ibs_fmst\tbexit02b.bmp | 08-26-2003 | 11:53:34 | | 5814 | 5678172d
File Copy: C:\Program Files\737\ATA B737 FMST\ibs_fmst\tbexit03.bmp | 08-26-2003 | 11:53:34 | | 2340 | 8c7c9f3c
File Copy: C:\Program Files\737\ATA B737 FMST\ibs_fmst\tbexit03a.bmp | 08-26-2003 | 11:53:36 | | 2158 | b97cef1c
File Copy: C:\Program Files\737\ATA B737 FMST\ibs_fmst\tbexit03b.bmp | 08-26-2003 | 11:53:36 | | 2342 | e810a35c
File Copy: C:\Program Files\737\ATA B737 FMST\ibs_fmst\tbexit04.bmp | 08-26-2003 | 11:53:36 | | 2624 | e07dd3a
File Copy: C:\Program Files\737\ATA B737 FMST\ibs_fmst\tbexit04a.bmp | 08-26-2003 | 11:53:36 | | 2582 | 393a8409
File Copy: C:\Program Files\737\ATA B737 FMST\ibs_fmst\tbexit04b.bmp | 08-26-2003 | 11:53:36 | | 5814 | 8e7a2f7e
File Copy: C:\Program Files\737\ATA B737 FMST\ibs_fmst\tbflfz01.bmp | 08-26-2003 | 11:53:36 | | 1518 | 787a03e8
File Copy: C:\Program Files\737\ATA B737 FMST\ibs_fmst\tbflfz02.bmp | 08-26-2003 | 11:53:36 | | 1518 | d5d813c
File Copy: C:\Program Files\737\ATA B737 FMST\ibs_fmst\tbflfz03.bmp | 08-26-2003 | 11:53:36 | | 1518 | 5d3b4c2d
File Copy: C:\Program Files\737\ATA B737 FMST\ibs_fmst\tbflfz04.bmp | 08-26-2003 | 11:53:36 | | 8456 | d0faf041
File Copy: C:\Program Files\737\ATA B737 FMST\ibs_fmst\tbfltc01.bmp | 08-26-2003 | 11:53:36 | | 1518 | bde5ceed
File Copy: C:\Program Files\737\ATA B737 FMST\ibs_fmst\tbfltc02.bmp | 08-26-2003 | 11:53:36 | | 1518 | c8c24c39
File Copy: C:\Program Files\737\ATA B737 FMST\ibs_fmst\tbfltc03.bmp | 08-26-2003 | 11:53:36 | | 1518 | a7c17520
File Copy: C:\Program Files\737\ATA B737 FMST\ibs_fmst\tbfltfrz01.bmp | 08-26-2003 | 11:53:36 | | 1494 | 418d3443
File Copy: C:\Program Files\737\ATA B737 FMST\ibs_fmst\tbfltfrz02.bmp | 08-26-2003 | 11:53:36 | | 1696 | 3da5cef5
File Copy: C:\Program Files\737\ATA B737 FMST\ibs_fmst\tbfltfrz03.bmp | 08-26-2003 | 11:53:36 | | 1680 | 36c242c6
File Copy: C:\Program Files\737\ATA B737 FMST\ibs_fmst\tbfltfrz04.bmp | 08-26-2003 | 11:53:36 | | 1524 | 3aa80824
File Copy: C:\Program Files\737\ATA B737 FMST\ibs_fmst\tbfltfrz05.bmp | 08-26-2003 | 11:53:36 | | 1712 | 2526daab
File Copy: C:\Program Files\737\ATA B737 FMST\ibs_fmst\tbfrez01.bmp | 08-26-2003 | 11:53:36 | | 2428 | 8d7c96af
File Copy: C:\Program Files\737\ATA B737 FMST\ibs_fmst\tbfrez02.bmp | 08-26-2003 | 11:53:36 | | 2776 | 84e4569e
File Copy: C:\Program Files\737\ATA B737 FMST\ibs_fmst\tbfrez03.bmp | 08-26-2003 | 11:53:36 | | 2456 | f8ab5851
File Copy: C:\Program Files\737\ATA B737 FMST\ibs_fmst\tbfrez04.bmp | 08-26-2003 | 11:53:36 | | 2824 | eab612a8
File Copy: C:\Program Files\737\ATA B737 FMST\ibs_fmst\tbfrez05.bmp | 08-26-2003 | 11:53:36 | | 2800 | 6fea2e96
File Copy: C:\Program Files\737\ATA B737 FMST\ibs_fmst\tbfrpy01.bmp | 08-26-2003 | 11:53:36 | | 2004 | f1a5022e
File Copy: C:\Program Files\737\ATA B737 FMST\ibs_fmst\tbfrpy02.bmp | 08-26-2003 | 11:53:36 | | 2016 | 45168009
File Copy: C:\Program Files\737\ATA B737 FMST\ibs_fmst\tbfrpy03.bmp | 08-26-2003 | 11:53:36 | | 2084 | 1f5e4d4a
File Copy: C:\Program Files\737\ATA B737 FMST\ibs_fmst\tbfrpy04.bmp | 08-26-2003 | 11:53:36 | | 2040 | 1c1c8d2
File Copy: C:\Program Files\737\ATA B737 FMST\ibs_fmst\tbfrz01.bmp | 08-26-2003 | 11:53:36 | | 784 | d75b8a26
File Copy: C:\Program Files\737\ATA B737 FMST\ibs_fmst\tbfrz02.bmp | 08-26-2003 | 11:53:36 | | 800 | a005d86
File Copy: C:\Program Files\737\ATA B737 FMST\ibs_fmst\tbfrz03.bmp | 08-26-2003 | 11:53:36 | | 792 | 92b83322
File Copy: C:\Program Files\737\ATA B737 FMST\ibs_fmst\tbfrz04.bmp | 08-26-2003 | 11:53:36 | | 812 | 3c86855f
File Copy: C:\Program Files\737\ATA B737 FMST\ibs_fmst\tbfrz05.bmp | 08-26-2003 | 11:53:36 | | 820 | 1c8a613a
File Copy: C:\Program Files\737\ATA B737 FMST\ibs_fmst\tbfueltnk01.bmp | 08-26-2003 | 11:53:36 | | 8456 | fb6e7807
File Copy: C:\Program Files\737\ATA B737 FMST\ibs_fmst\tbfueltnk02.bmp | 08-26-2003 | 11:53:36 | | 8456 | cbf2160
File Copy: C:\Program Files\737\ATA B737 FMST\ibs_fmst\tbfueltnk03.bmp | 08-26-2003 | 11:53:36 | | 8456 | 84d13777
File Copy: C:\Program Files\737\ATA B737 FMST\ibs_fmst\tbfufz01.bmp | 08-26-2003 | 11:53:36 | | 1518 | 60c579cf
File Copy: C:\Program Files\737\ATA B737 FMST\ibs_fmst\tbfufz02.bmp | 08-26-2003 | 11:53:36 | | 1518 | 15e2fb1b
File Copy: C:\Program Files\737\ATA B737 FMST\ibs_fmst\tbfufz03.bmp | 08-26-2003 | 11:53:36 | | 1518 | d05733fa
File Copy: C:\Program Files\737\ATA B737 FMST\ibs_fmst\tbfufz04.bmp | 08-26-2003 | 11:53:36 | | 8456 | a6721954
File Copy: C:\Program Files\737\ATA B737 FMST\ibs_fmst\tbfufzs01.bmp | 08-26-2003 | 11:53:36 | | 6536 | a9bc3bdc
File Copy: C:\Program Files\737\ATA B737 FMST\ibs_fmst\tbfufzs02.bmp | 08-26-2003 | 11:53:36 | | 6536 | 629a5b66
File Copy: C:\Program Files\737\ATA B737 FMST\ibs_fmst\tbfufzs04.bmp | 08-26-2003 | 11:53:36 | | 6536 | d9fb2aff
File Copy: C:\Program Files\737\ATA B737 FMST\ibs_fmst\tbgnrs01.bmp | 08-26-2003 | 11:53:36 | | 1518 | f6d99d11
File Copy: C:\Program Files\737\ATA B737 FMST\ibs_fmst\tbgnrs02.bmp | 08-26-2003 | 11:53:36 | | 2930 | c5d9e268
File Copy: C:\Program Files\737\ATA B737 FMST\ibs_fmst\tbgnrs03.bmp | 08-26-2003 | 11:53:36 | | 1518 | 823d4d9e
File Copy: C:\Program Files\737\ATA B737 FMST\ibs_fmst\tbhelp01.bmp | 08-26-2003 | 11:53:36 | | 2320 | 7178edca
File Copy: C:\Program Files\737\ATA B737 FMST\ibs_fmst\tbhelp02.bmp | 08-26-2003 | 11:53:36 | | 2536 | 9adbd015
File Copy: C:\Program Files\737\ATA B737 FMST\ibs_fmst\tbhelp03.bmp | 08-26-2003 | 11:53:36 | | 2392 | 5d82a8f6
File Copy: C:\Program Files\737\ATA B737 FMST\ibs_fmst\tbhelp04.bmp | 08-26-2003 | 11:53:36 | | 2536 | 637f0f25
File Copy: C:\Program Files\737\ATA B737 FMST\ibs_fmst\tbhydsys01.bmp | 08-26-2003 | 11:53:36 | | 8456 | 9104215f
File Copy: C:\Program Files\737\ATA B737 FMST\ibs_fmst\tbhydsys02.bmp | 08-26-2003 | 11:53:36 | | 8456 | 754b784d
File Copy: C:\Program Files\737\ATA B737 FMST\ibs_fmst\tbhydsys03.bmp | 08-26-2003 | 11:53:38 | | 8456 | 1223e21b
File Copy: C:\Program Files\737\ATA B737 FMST\ibs_fmst\tbirsa01.bmp | 08-26-2003 | 11:53:38 | | 2870 | b7c2ec85
File Copy: C:\Program Files\737\ATA B737 FMST\ibs_fmst\tbirsa02.bmp | 08-26-2003 | 11:53:38 | | 1518 | 8d4fe251
File Copy: C:\Program Files\737\ATA B737 FMST\ibs_fmst\tbirsa03.bmp | 08-26-2003 | 11:53:38 | | 1518 | 6a840222
File Copy: C:\Program Files\737\ATA B737 FMST\ibs_fmst\tblayo01.bmp | 08-26-2003 | 11:53:38 | | 1996 | d4e2bf40
File Copy: C:\Program Files\737\ATA B737 FMST\ibs_fmst\tblayo02.bmp | 08-26-2003 | 11:53:38 | | 2004 | eb4fd41
File Copy: C:\Program Files\737\ATA B737 FMST\ibs_fmst\tblayo03.bmp | 08-26-2003 | 11:53:38 | | 2040 | 749cb118
File Copy: C:\Program Files\737\ATA B737 FMST\ibs_fmst\tblayo04.bmp | 08-26-2003 | 11:53:38 | | 2020 | 89468ec2
File Copy: C:\Program Files\737\ATA B737 FMST\ibs_fmst\tblesn01.bmp | 08-26-2003 | 11:53:38 | | 1518 | 10a6ec7b
File Copy: C:\Program Files\737\ATA B737 FMST\ibs_fmst\tblesn02.bmp | 08-26-2003 | 11:53:38 | | 1518 | 65816eaf
File Copy: C:\Program Files\737\ATA B737 FMST\ibs_fmst\tblesn03.bmp | 08-26-2003 | 11:53:38 | | 2930 | 75da653d
File Copy: C:\Program Files\737\ATA B737 FMST\ibs_fmst\tblnhp01.bmp | 08-26-2003 | 11:53:38 | | 2236 | 1cf4a0e1
File Copy: C:\Program Files\737\ATA B737 FMST\ibs_fmst\tblnhp02.bmp | 08-26-2003 | 11:53:38 | | 2328 | c7486802
File Copy: C:\Program Files\737\ATA B737 FMST\ibs_fmst\tblnhp03.bmp | 08-26-2003 | 11:53:38 | | 2324 | c06e4d4f
File Copy: C:\Program Files\737\ATA B737 FMST\ibs_fmst\tblnhp04.bmp | 08-26-2003 | 11:53:38 | | 2240 | 7b9f4f65
File Copy: C:\Program Files\737\ATA B737 FMST\ibs_fmst\tblnmu01.bmp | 08-26-2003 | 11:53:38 | | 1518 | a49f39aa
File Copy: C:\Program Files\737\ATA B737 FMST\ibs_fmst\tblnmu02.bmp | 08-26-2003 | 11:53:38 | | 1518 | 637e205a
File Copy: C:\Program Files\737\ATA B737 FMST\ibs_fmst\tblnmu03.bmp | 08-26-2003 | 11:53:38 | | 1518 | 20dec118
File Copy: C:\Program Files\737\ATA B737 FMST\ibs_fmst\tblnxt01.bmp | 08-26-2003 | 11:53:38 | | 2256 | ac195118
File Copy: C:\Program Files\737\ATA B737 FMST\ibs_fmst\tblnxt02.bmp | 08-26-2003 | 11:53:38 | | 2404 | c9388171
File Copy: C:\Program Files\737\ATA B737 FMST\ibs_fmst\tblnxt03.bmp | 08-26-2003 | 11:53:38 | | 2384 | 5f86df39
File Copy: C:\Program Files\737\ATA B737 FMST\ibs_fmst\tblnxt04.bmp | 08-26-2003 | 11:53:38 | | 2216 | bfeb364b
File Copy: C:\Program Files\737\ATA B737 FMST\ibs_fmst\tbload01.bmp | 08-26-2003 | 11:53:38 | | 21870 | 5633bfae
File Copy: C:\Program Files\737\ATA B737 FMST\ibs_fmst\tbload02.bmp | 08-26-2003 | 11:53:38 | | 21870 | 5fae85d2
File Copy: C:\Program Files\737\ATA B737 FMST\ibs_fmst\tbltrt01.bmp | 08-26-2003 | 11:53:38 | | 1518 | de9f9ed4
File Copy: C:\Program Files\737\ATA B737 FMST\ibs_fmst\tbltrt02.bmp | 08-26-2003 | 11:53:38 | | 1518 | 197e8724
File Copy: C:\Program Files\737\ATA B737 FMST\ibs_fmst\tbmalf01.bmp | 08-26-2003 | 11:53:38 | | 8456 | 5148fa57
File Copy: C:\Program Files\737\ATA B737 FMST\ibs_fmst\tbmalf02.bmp | 08-26-2003 | 11:53:38 | | 8456 | f826562e
File Copy: C:\Program Files\737\ATA B737 FMST\ibs_fmst\tbmalf03.bmp | 08-26-2003 | 11:53:38 | | 8456 | 3f76e70e
File Copy: C:\Program Files\737\ATA B737 FMST\ibs_fmst\tbmalfalt01.bmp | 08-26-2003 | 11:53:38 | | 6536 | 7d1716b9
File Copy: C:\Program Files\737\ATA B737 FMST\ibs_fmst\tbmalfalt02.bmp | 08-26-2003 | 11:53:38 | | 6536 | 46b80666
File Copy: C:\Program Files\737\ATA B737 FMST\ibs_fmst\tbmalfalt03.bmp | 08-26-2003 | 11:53:38 | | 6536 | 354ad5a0
File Copy: C:\Program Files\737\ATA B737 FMST\ibs_fmst\tbmalfspd03.bmp | 08-26-2003 | 11:53:38 | | 6536 | f62f763
File Copy: C:\Program Files\737\ATA B737 FMST\ibs_fmst\tbmamu01.bmp | 08-26-2003 | 11:53:38 | | 1518 | 64d12c33
File Copy: C:\Program Files\737\ATA B737 FMST\ibs_fmst\tbmamu02.bmp | 08-26-2003 | 11:53:38 | | 1518 | a33035c3
File Copy: C:\Program Files\737\ATA B737 FMST\ibs_fmst\tbmamu03.bmp | 08-26-2003 | 11:53:38 | | 1518 | 6ff307d8
File Copy: C:\Program Files\737\ATA B737 FMST\ibs_fmst\TBMBAP01.bmp | 08-26-2003 | 11:53:38 | | 1822 | d3561010
File Copy: C:\Program Files\737\ATA B737 FMST\ibs_fmst\TBMBAP02.bmp | 08-26-2003 | 11:53:38 | | 1822 | 706adbce
File Copy: C:\Program Files\737\ATA B737 FMST\ibs_fmst\TBMBAP03.bmp | 08-26-2003 | 11:53:38 | | 1822 | 752b51ca
File Copy: C:\Program Files\737\ATA B737 FMST\ibs_fmst\TBMBCA01.bmp | 08-26-2003 | 11:53:38 | | 1822 | 5bb95921
File Copy: C:\Program Files\737\ATA B737 FMST\ibs_fmst\TBMBCA02.bmp | 08-26-2003 | 11:53:38 | | 1822 | f88592ff
File Copy: C:\Program Files\737\ATA B737 FMST\ibs_fmst\TBMBCA03.bmp | 08-26-2003 | 11:53:38 | | 1822 | 69b0d93c
File Copy: C:\Program Files\737\ATA B737 FMST\ibs_fmst\tbmbcl01.bmp | 08-26-2003 | 11:53:38 | | 1822 | ca77bcb0
File Copy: C:\Program Files\737\ATA B737 FMST\ibs_fmst\tbmbcl02.bmp | 08-26-2003 | 11:53:38 | | 1822 | 694b776e
File Copy: C:\Program Files\737\ATA B737 FMST\ibs_fmst\Tbmbcl03.bmp | 08-26-2003 | 11:53:40 | | 1822 | c22a0269
File Copy: C:\Program Files\737\ATA B737 FMST\ibs_fmst\Tbmenu01.bmp | 08-26-2003 | 11:53:40 | | 1996 | 945aa8af
File Copy: C:\Program Files\737\ATA B737 FMST\ibs_fmst\Tbmenu02.bmp | 08-26-2003 | 11:53:40 | | 2008 | 17264ca2
File Copy: C:\Program Files\737\ATA B737 FMST\ibs_fmst\Tbmenu03.bmp | 08-26-2003 | 11:53:40 | | 2036 | cfc835e
File Copy: C:\Program Files\737\ATA B737 FMST\ibs_fmst\tbmenu04.bmp | 08-26-2003 | 11:53:40 | | 2024 | cc30aa52
File Copy: C:\Program Files\737\ATA B737 FMST\ibs_fmst\tbmenumalf01.bmp | 08-26-2003 | 11:53:40 | | 980 | 5755edbf
File Copy: C:\Program Files\737\ATA B737 FMST\ibs_fmst\tbmlfspd01.bmp | 08-26-2003 | 11:53:40 | | 6536 | a127355
File Copy: C:\Program Files\737\ATA B737 FMST\ibs_fmst\tbmlfspd02.bmp | 08-26-2003 | 11:53:40 | | 6536 | 31bd638a
File Copy: C:\Program Files\737\ATA B737 FMST\ibs_fmst\tbmlfspd03.bmp | 08-26-2003 | 11:53:40 | | 6536 | f62f763
File Copy: C:\Program Files\737\ATA B737 FMST\ibs_fmst\tbmlrt01.BMP | 08-26-2003 | 11:53:40 | | 1518 | 3236eec6
File Copy: C:\Program Files\737\ATA B737 FMST\ibs_fmst\tbmlrt02.BMP | 08-26-2003 | 11:53:40 | | 1518 | 36338504
File Copy: C:\Program Files\737\ATA B737 FMST\ibs_fmst\tbmlrt03.BMP | 08-26-2003 | 11:53:40 | | 1518 | 86f64d69
File Copy: C:\Program Files\737\ATA B737 FMST\ibs_fmst\tbnobt01.bmp | 08-26-2003 | 11:53:40 | | 21870 | 33f64524
File Copy: C:\Program Files\737\ATA B737 FMST\ibs_fmst\tbnobt02.bmp | 08-26-2003 | 11:53:40 | | 21870 | 5381ab54
File Copy: C:\Program Files\737\ATA B737 FMST\ibs_fmst\tbnwpt01.bmp | 08-26-2003 | 11:53:40 | | 1518 | 15e3fd71
File Copy: C:\Program Files\737\ATA B737 FMST\ibs_fmst\tbnwpt02.bmp | 08-26-2003 | 11:53:40 | | 1518 | 60c47fa5
File Copy: C:\Program Files\737\ATA B737 FMST\ibs_fmst\tbnwpt03.bmp | 08-26-2003 | 11:53:40 | | 1518 | 3ff5e223
File Copy: C:\Program Files\737\ATA B737 FMST\ibs_fmst\tbpaco01.bmp | 08-26-2003 | 11:53:40 | | 1518 | 44ee29aa
File Copy: C:\Program Files\737\ATA B737 FMST\ibs_fmst\tbpaco02.bmp | 08-26-2003 | 11:53:40 | | 1518 | 830f305a
File Copy: C:\Program Files\737\ATA B737 FMST\ibs_fmst\tbpaco03.bmp | 08-26-2003 | 11:53:40 | | 1518 | fe3e39b7
File Copy: C:\Program Files\737\ATA B737 FMST\ibs_fmst\tbpaco04.bmp | 08-26-2003 | 11:53:40 | | 8456 | c3a46e58
File Copy: C:\Program Files\737\ATA B737 FMST\ibs_fmst\tbpaus01.bmp | 08-26-2003 | 11:53:40 | | 2160 | 81afd7c9
File Copy: C:\Program Files\737\ATA B737 FMST\ibs_fmst\tbpaus02.bmp | 08-26-2003 | 11:53:40 | | 2032 | 6fa78504
File Copy: C:\Program Files\737\ATA B737 FMST\ibs_fmst\tbpaus03.bmp | 08-26-2003 | 11:53:40 | | 2060 | 28d1c8ce
File Copy: C:\Program Files\737\ATA B737 FMST\ibs_fmst\tbpaus04.bmp | 08-26-2003 | 11:53:40 | | 2052 | a80eef83
File Copy: C:\Program Files\737\ATA B737 FMST\ibs_fmst\tbplay01.bmp | 08-26-2003 | 11:53:40 | | 2256 | 7a2209ed
File Copy: C:\Program Files\737\ATA B737 FMST\ibs_fmst\tbplay02.bmp | 08-26-2003 | 11:53:40 | | 2272 | b2a525a5
File Copy: C:\Program Files\737\ATA B737 FMST\ibs_fmst\tbplay03.bmp | 08-26-2003 | 11:53:40 | | 2172 | da1edc16
File Copy: C:\Program Files\737\ATA B737 FMST\ibs_fmst\tbplay04.bmp | 08-26-2003 | 11:53:40 | | 2296 | 9306ee96
File Copy: C:\Program Files\737\ATA B737 FMST\ibs_fmst\tbpofz01.bmp | 08-26-2003 | 11:53:40 | | 1518 | bc6fe123
File Copy: C:\Program Files\737\ATA B737 FMST\ibs_fmst\tbpofz02.bmp | 08-26-2003 | 11:53:40 | | 1518 | c94863f7
File Copy: C:\Program Files\737\ATA B737 FMST\ibs_fmst\tbpofz03.bmp | 08-26-2003 | 11:53:40 | | 2930 | e562784b
File Copy: C:\Program Files\737\ATA B737 FMST\ibs_fmst\tbpofz04.bmp | 08-26-2003 | 11:53:40 | | 8456 | 713b6fa
File Copy: C:\Program Files\737\ATA B737 FMST\ibs_fmst\tbpofzs01.bmp | 08-26-2003 | 11:53:40 | | 6536 | 44375640
File Copy: C:\Program Files\737\ATA B737 FMST\ibs_fmst\tbpofzs02.bmp | 08-26-2003 | 11:53:40 | | 6536 | 9a9df911
File Copy: C:\Program Files\737\ATA B737 FMST\ibs_fmst\tbpofzs04.bmp | 08-26-2003 | 11:53:40 | | 6536 | 43a41a51
File Copy: C:\Program Files\737\ATA B737 FMST\ibs_fmst\tbpubk01.bmp | 08-26-2003 | 11:53:40 | | 2460 | 6fc1fb05
File Copy: C:\Program Files\737\ATA B737 FMST\ibs_fmst\tbpubk02.bmp | 08-26-2003 | 11:53:42 | | 2316 | c675c862
File Copy: C:\Program Files\737\ATA B737 FMST\ibs_fmst\tbpubk03.bmp | 08-26-2003 | 11:53:42 | | 2356 | 835cef02
File Copy: C:\Program Files\737\ATA B737 FMST\ibs_fmst\tbpubk04.bmp | 08-26-2003 | 11:53:42 | | 2728 | 7ecb5f15
File Copy: C:\Program Files\737\ATA B737 FMST\ibs_fmst\tbpubk05.bmp | 08-26-2003 | 11:53:42 | | 2492 | 23892c18
File Copy: C:\Program Files\737\ATA B737 FMST\ibs_fmst\tbpwpt01.bmp | 08-26-2003 | 11:53:42 | | 1518 | 29b47c80
File Copy: C:\Program Files\737\ATA B737 FMST\ibs_fmst\tbpwpt02.bmp | 08-26-2003 | 11:53:42 | | 1518 | 5c93fe54
File Copy: C:\Program Files\737\ATA B737 FMST\ibs_fmst\tbpwpt03.bmp | 08-26-2003 | 11:53:42 | | 1518 | 482f03c8
File Copy: C:\Program Files\737\ATA B737 FMST\ibs_fmst\tbqsten01.bmp | 08-26-2003 | 11:53:42 | | 8456 | b87dee12
File Copy: C:\Program Files\737\ATA B737 FMST\ibs_fmst\tbqsten02.bmp | 08-26-2003 | 11:53:42 | | 8456 | 3e268a7c
File Copy: C:\Program Files\737\ATA B737 FMST\ibs_fmst\tbqsten03.bmp | 08-26-2003 | 11:53:42 | | 8456 | 8a1f1d02
File Copy: C:\Program Files\737\ATA B737 FMST\ibs_fmst\tbradio01.bmp | 08-26-2003 | 11:53:42 | | 1720 | 570bfa7e
File Copy: C:\Program Files\737\ATA B737 FMST\ibs_fmst\tbradio01_mask.bmp | 08-26-2003 | 11:53:42 | | 1720 | 182ee6db
File Copy: C:\Program Files\737\ATA B737 FMST\ibs_fmst\tbradio02.bmp | 08-26-2003 | 11:53:42 | | 1720 | b9dbfe4a
File Copy: C:\Program Files\737\ATA B737 FMST\ibs_fmst\tbradio02_mask.bmp | 08-26-2003 | 11:53:42 | | 1720 | 182ee6db
File Copy: C:\Program Files\737\ATA B737 FMST\ibs_fmst\tbrapt01.bmp | 08-26-2003 | 11:53:42 | | 1518 | d5a8ad2
File Copy: C:\Program Files\737\ATA B737 FMST\ibs_fmst\tbrapt02.bmp | 08-26-2003 | 11:53:42 | | 1518 | 787d0806
File Copy: C:\Program Files\737\ATA B737 FMST\ibs_fmst\tbrapt03.bmp | 08-26-2003 | 11:53:42 | | 1518 | 12803103
File Copy: C:\Program Files\737\ATA B737 FMST\ibs_fmst\tbreps01.bmp | 08-26-2003 | 11:53:42 | | 1518 | 1e8933c0
File Copy: C:\Program Files\737\ATA B737 FMST\ibs_fmst\tbreps02.bmp | 08-26-2003 | 11:53:42 | | 1518 | 6baeb114
File Copy: C:\Program Files\737\ATA B737 FMST\ibs_fmst\tbreps03.bmp | 08-26-2003 | 11:53:42 | | 1518 | 94e4804d
File Copy: C:\Program Files\737\ATA B737 FMST\ibs_fmst\tbrept01.bmp | 08-26-2003 | 11:53:42 | | 2228 | 10ded0c9
File Copy: C:\Program Files\737\ATA B737 FMST\ibs_fmst\tbrept02.bmp | 08-26-2003 | 11:53:42 | | 2192 | 3a6f9c
File Copy: C:\Program Files\737\ATA B737 FMST\ibs_fmst\tbrept03.bmp | 08-26-2003 | 11:53:42 | | 2184 | f4cdabfc
File Copy: C:\Program Files\737\ATA B737 FMST\ibs_fmst\tbrept04.bmp | 08-26-2003 | 11:53:42 | | 2200 | dce767bb
File Copy: C:\Program Files\737\ATA B737 FMST\ibs_fmst\tbresu01.bmp | 08-26-2003 | 11:53:42 | | 2140 | c4de7882
File Copy: C:\Program Files\737\ATA B737 FMST\ibs_fmst\tbresu02.bmp | 08-26-2003 | 11:53:42 | | 2112 | 98c38aa2
File Copy: C:\Program Files\737\ATA B737 FMST\ibs_fmst\tbresu03.bmp | 08-26-2003 | 11:53:42 | | 2148 | 4692b952
File Copy: C:\Program Files\737\ATA B737 FMST\ibs_fmst\tbresu04.bmp | 08-26-2003 | 11:53:42 | | 2136 | 6a1f913
File Copy: C:\Program Files\737\ATA B737 FMST\ibs_fmst\tbresu05.bmp | 08-26-2003 | 11:53:42 | | 2252 | 1a960ae9
File Copy: C:\Program Files\737\ATA B737 FMST\ibs_fmst\tbrnav01.bmp | 08-26-2003 | 11:53:42 | | 1518 | 8dcf5077
File Copy: C:\Program Files\737\ATA B737 FMST\ibs_fmst\tbrnav02.bmp | 08-26-2003 | 11:53:42 | | 1518 | f8e8d2a3
File Copy: C:\Program Files\737\ATA B737 FMST\ibs_fmst\tbrnav03.bmp | 08-26-2003 | 11:53:42 | | 1518 | 3801ed13
File Copy: C:\Program Files\737\ATA B737 FMST\ibs_fmst\tbrply01.bmp | 08-26-2003 | 11:53:42 | | 2160 | e8af8b8d
File Copy: C:\Program Files\737\ATA B737 FMST\ibs_fmst\tbrply02.bmp | 08-26-2003 | 11:53:42 | | 2232 | 56f0272d
File Copy: C:\Program Files\737\ATA B737 FMST\ibs_fmst\tbrply03.bmp | 08-26-2003 | 11:53:42 | | 2228 | f976645f
File Copy: C:\Program Files\737\ATA B737 FMST\ibs_fmst\tbrply04.bmp | 08-26-2003 | 11:53:42 | | 2216 | 8250ec39
File Copy: C:\Program Files\737\ATA B737 FMST\ibs_fmst\tbrply05.bmp | 08-26-2003 | 11:53:42 | | 2676 | 489695e7
File Copy: C:\Program Files\737\ATA B737 FMST\ibs_fmst\tbrrwy01.bmp | 08-26-2003 | 11:53:42 | | 8454 | 1b1fa8a7
File Copy: C:\Program Files\737\ATA B737 FMST\ibs_fmst\tbrrwy02.bmp | 08-26-2003 | 11:53:42 | | 8454 | 40f8668b
File Copy: C:\Program Files\737\ATA B737 FMST\ibs_fmst\tbrrwy03.bmp | 08-26-2003 | 11:53:42 | | 2866 | 1cfb6f6
File Copy: C:\Program Files\737\ATA B737 FMST\ibs_fmst\tbrsfz01.bmp | 08-26-2003 | 11:53:42 | | 1518 | cafe4f37
File Copy: C:\Program Files\737\ATA B737 FMST\ibs_fmst\tbrsfz02.bmp | 08-26-2003 | 11:53:44 | | 1518 | bfd9cde3
File Copy: C:\Program Files\737\ATA B737 FMST\ibs_fmst\tbrsfz03.bmp | 08-26-2003 | 11:53:44 | | 2930 | 99eeaa5
File Copy: C:\Program Files\737\ATA B737 FMST\ibs_fmst\tbrtkof01.bmp | 08-26-2003 | 11:53:44 | | 2476 | 92173554
File Copy: C:\Program Files\737\ATA B737 FMST\ibs_fmst\tbrtkof04.bmp | 08-26-2003 | 11:53:44 | | 5816 | b64b7a93
File Copy: C:\Program Files\737\ATA B737 FMST\ibs_fmst\tbsave01.bmp | 08-26-2003 | 11:53:44 | | 21870 | b45ee407
File Copy: C:\Program Files\737\ATA B737 FMST\ibs_fmst\tbsave02.bmp | 08-26-2003 | 11:53:44 | | 21870 | 1c00f311
File Copy: C:\Program Files\737\ATA B737 FMST\ibs_fmst\tbselcl.bmp | 08-26-2003 | 11:53:44 | | 21872 | 58faa41
File Copy: C:\Program Files\737\ATA B737 FMST\ibs_fmst\tbselok.bmp | 08-26-2003 | 11:53:44 | | 21872 | 1bcaeefa
File Copy: C:\Program Files\737\ATA B737 FMST\ibs_fmst\tbsepwr01.bmp | 08-26-2003 | 11:53:44 | | 5096 | f5cd60ec
File Copy: C:\Program Files\737\ATA B737 FMST\ibs_fmst\tbsepwr02.bmp | 08-26-2003 | 11:53:44 | | 5096 | 90942fc1
File Copy: C:\Program Files\737\ATA B737 FMST\ibs_fmst\tbsepwr03.bmp | 08-26-2003 | 11:53:44 | | 5096 | a453cd67
File Copy: C:\Program Files\737\ATA B737 FMST\ibs_fmst\tbsepwr04.bmp | 08-26-2003 | 11:53:44 | | 5096 | de7fc477
File Copy: C:\Program Files\737\ATA B737 FMST\ibs_fmst\tbsetp01.bmp | 08-26-2003 | 11:53:44 | | 1518 | d9c658bf
File Copy: C:\Program Files\737\ATA B737 FMST\ibs_fmst\tbsetp02.bmp | 08-26-2003 | 11:53:44 | | 1518 | 1e27414f
File Copy: C:\Program Files\737\ATA B737 FMST\ibs_fmst\tbsetp03.bmp | 08-26-2003 | 11:53:44 | | 1518 | 10150ec3
File Copy: C:\Program Files\737\ATA B737 FMST\ibs_fmst\tbskip01.bmp | 08-26-2003 | 11:53:44 | | 2228 | 72ee74c1
File Copy: C:\Program Files\737\ATA B737 FMST\ibs_fmst\tbskip02.bmp | 08-26-2003 | 11:53:44 | | 2176 | d0c4bd4c
File Copy: C:\Program Files\737\ATA B737 FMST\ibs_fmst\tbskip03.bmp | 08-26-2003 | 11:53:44 | | 2172 | 7fba4149
File Copy: C:\Program Files\737\ATA B737 FMST\ibs_fmst\tbskip04.bmp | 08-26-2003 | 11:53:44 | | 2204 | b4993329
File Copy: C:\Program Files\737\ATA B737 FMST\ibs_fmst\tbskip05.bmp | 08-26-2003 | 11:53:44 | | 2228 | fbea1f0d
File Copy: C:\Program Files\737\ATA B737 FMST\ibs_fmst\tbsmca01.bmp | 08-26-2003 | 11:53:44 | | 9054 | 77f649fc
File Copy: C:\Program Files\737\ATA B737 FMST\ibs_fmst\tbsmca02.bmp | 08-26-2003 | 11:53:44 | | 9054 | 9ca2a79c
File Copy: C:\Program Files\737\ATA B737 FMST\ibs_fmst\tbsmcl01.bmp | 08-26-2003 | 11:53:44 | | 3076 | 335f308d
File Copy: C:\Program Files\737\ATA B737 FMST\ibs_fmst\tbsmcl02.bmp | 08-26-2003 | 11:53:44 | | 3080 | 962b0050
File Copy: C:\Program Files\737\ATA B737 FMST\ibs_fmst\TBSMCL03.bmp | 08-26-2003 | 11:53:44 | | 3072 | 57012527
File Copy: C:\Program Files\737\ATA B737 FMST\ibs_fmst\tbsmok01.bmp | 08-26-2003 | 11:53:44 | | 9054 | b7808f82
File Copy: C:\Program Files\737\ATA B737 FMST\ibs_fmst\tbsmok02.bmp | 08-26-2003 | 11:53:44 | | 9054 | b7dc8936
File Copy: C:\Program Files\737\ATA B737 FMST\ibs_fmst\tbsnap01.bmp | 08-26-2003 | 11:53:44 | | 2476 | 2629f8e5
File Copy: C:\Program Files\737\ATA B737 FMST\ibs_fmst\tbsnap02.bmp | 08-26-2003 | 11:53:44 | | 2656 | 66e771ef
File Copy: C:\Program Files\737\ATA B737 FMST\ibs_fmst\tbsnap03.bmp | 08-26-2003 | 11:53:44 | | 2420 | 3b56b774
File Copy: C:\Program Files\737\ATA B737 FMST\ibs_fmst\tbsnap04.bmp | 08-26-2003 | 11:53:44 | | 2664 | 2d0ef939
File Copy: C:\Program Files\737\ATA B737 FMST\ibs_fmst\tbsnaplimit1_01.bmp | 08-26-2003 | 11:53:44 | | 7952 | 3171e1b3
File Copy: C:\Program Files\737\ATA B737 FMST\ibs_fmst\tbsnaplimit1_02.bmp | 08-26-2003 | 11:53:44 | | 7952 | cc18670e
File Copy: C:\Program Files\737\ATA B737 FMST\ibs_fmst\tbsnaplimit1_03.bmp | 08-26-2003 | 11:53:44 | | 7952 | c0eb606e
File Copy: C:\Program Files\737\ATA B737 FMST\ibs_fmst\tbsnaplimit2_01.bmp | 08-26-2003 | 11:53:44 | | 7952 | 2e3d4287
File Copy: C:\Program Files\737\ATA B737 FMST\ibs_fmst\tbsnaplimit2_02.bmp | 08-26-2003 | 11:53:44 | | 7952 | 9eb290bd
File Copy: C:\Program Files\737\ATA B737 FMST\ibs_fmst\tbsnaplimit2_03.bmp | 08-26-2003 | 11:53:44 | | 7952 | ea74b43b
File Copy: C:\Program Files\737\ATA B737 FMST\ibs_fmst\tbsnaplimit3_01.bmp | 08-26-2003 | 11:53:44 | | 7952 | ba00983c
File Copy: C:\Program Files\737\ATA B737 FMST\ibs_fmst\tbsnaplimit3_02.bmp | 08-26-2003 | 11:53:44 | | 7952 | 3af25e20
File Copy: C:\Program Files\737\ATA B737 FMST\ibs_fmst\tbsnaplimit3_03.bmp | 08-26-2003 | 11:53:44 | | 7952 | 45fec2b6
File Copy: C:\Program Files\737\ATA B737 FMST\ibs_fmst\tbsnaplimit4_01.bmp | 08-26-2003 | 11:53:44 | | 7952 | f7ef51d4
File Copy: C:\Program Files\737\ATA B737 FMST\ibs_fmst\tbsnaplimit4_02.bmp | 08-26-2003 | 11:53:44 | | 7952 | 3afe5006
File Copy: C:\Program Files\737\ATA B737 FMST\ibs_fmst\tbsnaplimit4_03.bmp | 08-26-2003 | 11:53:46 | | 7952 | 627b963f
File Copy: C:\Program Files\737\ATA B737 FMST\ibs_fmst\tbsnaplimit5_01.bmp | 08-26-2003 | 11:53:46 | | 7952 | ef16d29
File Copy: C:\Program Files\737\ATA B737 FMST\ibs_fmst\tbsnaplimit5_02.bmp | 08-26-2003 | 11:53:46 | | 7952 | 1442af90
File Copy: C:\Program Files\737\ATA B737 FMST\ibs_fmst\tbsnaplimit5_03.bmp | 08-26-2003 | 11:53:46 | | 7952 | 7ff6f977
File Copy: C:\Program Files\737\ATA B737 FMST\ibs_fmst\tbsten01.bmp | 08-26-2003 | 11:53:46 | | 2372 | 6d9694ff
File Copy: C:\Program Files\737\ATA B737 FMST\ibs_fmst\tbsten02.bmp | 08-26-2003 | 11:53:46 | | 2528 | 15e17daa
File Copy: C:\Program Files\737\ATA B737 FMST\ibs_fmst\tbsten03.bmp | 08-26-2003 | 11:53:46 | | 2340 | 6ec1ae1d
File Copy: C:\Program Files\737\ATA B737 FMST\ibs_fmst\tbsten04.bmp | 08-26-2003 | 11:53:46 | | 2484 | ca9cfa2
File Copy: C:\Program Files\737\ATA B737 FMST\ibs_fmst\tbstln01.bmp | 08-26-2003 | 11:53:46 | | 2040 | d8e4e0c7
File Copy: C:\Program Files\737\ATA B737 FMST\ibs_fmst\tbstln02.bmp | 08-26-2003 | 11:53:46 | | 2012 | a21967a9
File Copy: C:\Program Files\737\ATA B737 FMST\ibs_fmst\tbstln03.bmp | 08-26-2003 | 11:53:46 | | 2048 | ce9ee789
File Copy: C:\Program Files\737\ATA B737 FMST\ibs_fmst\tbstln04.bmp | 08-26-2003 | 11:53:46 | | 2028 | bf70f7c0
File Copy: C:\Program Files\737\ATA B737 FMST\ibs_fmst\tbsysr01.bmp | 08-26-2003 | 11:53:46 | | 1518 | 4e517325
File Copy: C:\Program Files\737\ATA B737 FMST\ibs_fmst\tbsysr02.bmp | 08-26-2003 | 11:53:46 | | 1518 | 89b06ad5
File Copy: C:\Program Files\737\ATA B737 FMST\ibs_fmst\tbsysr03.bmp | 08-26-2003 | 11:53:46 | | 1518 | 9b45cb62
File Copy: C:\Program Files\737\ATA B737 FMST\ibs_fmst\tbsyssel01.bmp | 08-26-2003 | 11:53:46 | | 8456 | 27c9608d
File Copy: C:\Program Files\737\ATA B737 FMST\ibs_fmst\tbsyssel02.bmp | 08-26-2003 | 11:53:46 | | 8456 | ac0df1aa
File Copy: C:\Program Files\737\ATA B737 FMST\ibs_fmst\tbsyssel03.bmp | 08-26-2003 | 11:53:46 | | 8456 | 9f5dc7fc
File Copy: C:\Program Files\737\ATA B737 FMST\ibs_fmst\tbsyssel04.bmp | 08-26-2003 | 11:53:46 | | 8456 | 7517fd70
File Copy: C:\Program Files\737\ATA B737 FMST\ibs_fmst\tbsyst01.bmp | 08-26-2003 | 11:53:46 | | 1216 | c2ea1cfb
File Copy: C:\Program Files\737\ATA B737 FMST\ibs_fmst\tbsyst02.bmp | 08-26-2003 | 11:53:46 | | 1228 | 51184afb
File Copy: C:\Program Files\737\ATA B737 FMST\ibs_fmst\tbsyst03.bmp | 08-26-2003 | 11:53:46 | | 1264 | 93015424
File Copy: C:\Program Files\737\ATA B737 FMST\ibs_fmst\tbsyst04.bmp | 08-26-2003 | 11:53:46 | | 1244 | ca54af4a
File Copy: C:\Program Files\737\ATA B737 FMST\ibs_fmst\tbtkof01.bmp | 08-26-2003 | 11:53:46 | | 2624 | 90a1953
File Copy: C:\Program Files\737\ATA B737 FMST\ibs_fmst\tbtkof02.bmp | 08-26-2003 | 11:53:46 | | 2576 | b3cc9376
File Copy: C:\Program Files\737\ATA B737 FMST\ibs_fmst\tbtkof03.bmp | 08-26-2003 | 11:53:46 | | 2368 | 1a255103
File Copy: C:\Program Files\737\ATA B737 FMST\ibs_fmst\tbtkof04.bmp | 08-26-2003 | 11:53:46 | | 3000 | b7e43064
File Copy: C:\Program Files\737\ATA B737 FMST\ibs_fmst\tbtkof05.bmp | 08-26-2003 | 11:53:46 | | 2560 | 90811946
File Copy: C:\Program Files\737\ATA B737 FMST\ibs_fmst\tbtofz01.BMP | 08-26-2003 | 11:53:46 | | 1518 | e8037bb1
File Copy: C:\Program Files\737\ATA B737 FMST\ibs_fmst\tbtofz02.BMP | 08-26-2003 | 11:53:46 | | 1518 | ec061073
File Copy: C:\Program Files\737\ATA B737 FMST\ibs_fmst\tbtofz03.BMP | 08-26-2003 | 11:53:46 | | 1518 | 5c8e918b
File Copy: C:\Program Files\737\ATA B737 FMST\ibs_fmst\tbtofz04.BMP | 08-26-2003 | 11:53:46 | | 8456 | 403e04b1
File Copy: C:\Program Files\737\ATA B737 FMST\ibs_fmst\tbtofzs01.bmp | 08-26-2003 | 11:53:46 | | 6536 | 49b9dc6d
File Copy: C:\Program Files\737\ATA B737 FMST\ibs_fmst\tbtofzs02.bmp | 08-26-2003 | 11:53:46 | | 6536 | 45474574
File Copy: C:\Program Files\737\ATA B737 FMST\ibs_fmst\tbtofzs04.bmp | 08-26-2003 | 11:53:46 | | 6536 | d0632cc7
File Copy: C:\Program Files\737\ATA B737 FMST\ibs_fmst\tbtoga01.bmp | 08-26-2003 | 11:53:46 | | 2644 | d0ae67fc
File Copy: C:\Program Files\737\ATA B737 FMST\ibs_fmst\tbtoga02.bmp | 08-26-2003 | 11:53:46 | | 3000 | f56c89b0
File Copy: C:\Program Files\737\ATA B737 FMST\ibs_fmst\tbtoga03.bmp | 08-26-2003 | 11:53:46 | | 2496 | 6370e505
File Copy: C:\Program Files\737\ATA B737 FMST\ibs_fmst\tbtoga04.bmp | 08-26-2003 | 11:53:46 | | 3000 | a7188b79
File Copy: C:\Program Files\737\ATA B737 FMST\ibs_fmst\tbtoga05.bmp | 08-26-2003 | 11:53:46 | | 2644 | b9603f88
File Copy: C:\Program Files\737\ATA B737 FMST\ibs_fmst\tbtoga06.bmp | 08-26-2003 | 11:53:46 | | 3000 | 655d64a2
File Copy: C:\Program Files\737\ATA B737 FMST\ibs_fmst\tbtoga07.bmp | 08-26-2003 | 11:53:46 | | 2500 | b23b47e8
File Copy: C:\Program Files\737\ATA B737 FMST\ibs_fmst\tbtoga08.bmp | 08-26-2003 | 11:53:46 | | 3000 | 3d370ae4
File Copy: C:\Program Files\737\ATA B737 FMST\ibs_fmst\tbtopc01.bmp | 08-26-2003 | 11:53:46 | | 1216 | 491aff6d
File Copy: C:\Program Files\737\ATA B737 FMST\ibs_fmst\tbtopc02.bmp | 08-26-2003 | 11:53:46 | | 1224 | bad2b85b
File Copy: C:\Program Files\737\ATA B737 FMST\ibs_fmst\tbtopc03.bmp | 08-26-2003 | 11:53:46 | | 1260 | cf569fa6
File Copy: C:\Program Files\737\ATA B737 FMST\ibs_fmst\tbtopc04.bmp | 08-26-2003 | 11:53:46 | | 1240 | 69f2dd4c
File Copy: C:\Program Files\737\ATA B737 FMST\ibs_fmst\tbtxrunway01.bmp | 08-26-2003 | 11:53:46 | | 2060 | b8f2f443
File Copy: C:\Program Files\737\ATA B737 FMST\ibs_fmst\tbtxrunway03.bmp | 08-26-2003 | 11:53:46 | | 2044 | 7bc1b145
File Copy: C:\Program Files\737\ATA B737 FMST\ibs_fmst\tbtxrunway04.bmp | 08-26-2003 | 11:53:46 | | 2140 | 1614ebd5
File Copy: C:\Program Files\737\ATA B737 FMST\ibs_fmst\Tbvfdx01.bmp | 08-26-2003 | 11:53:46 | | 1518 | 47c02c7b
File Copy: C:\Program Files\737\ATA B737 FMST\ibs_fmst\Tbvfdx02.bmp | 08-26-2003 | 11:53:46 | | 1518 | 8021358b
File Copy: C:\Program Files\737\ATA B737 FMST\ibs_fmst\Tbvfdx03.bmp | 08-26-2003 | 11:53:46 | | 1518 | ceb417a2
File Copy: C:\Program Files\737\ATA B737 FMST\ibs_fmst\tbyesb01.bmp | 08-26-2003 | 11:53:46 | | 21870 | 6d5e8f07
File Copy: C:\Program Files\737\ATA B737 FMST\ibs_fmst\tbyesb02.bmp | 08-26-2003 | 11:53:46 | | 21870 | 10494ef8
File Copy: C:\Program Files\737\ATA B737 FMST\ibs_fmst\tcflph01.bmp | 08-26-2003 | 11:53:46 | | 286 | dea40906
File Copy: C:\Program Files\737\ATA B737 FMST\ibs_fmst\tcgrsw01.bmp | 08-26-2003 | 11:53:46 | | 538 | 900a410b
File Copy: C:\Program Files\737\ATA B737 FMST\ibs_fmst\tcgrsw02.bmp | 08-26-2003 | 11:53:46 | | 458 | fe7ac4a
File Copy: C:\Program Files\737\ATA B737 FMST\ibs_fmst\tcgrsw03.bmp | 08-26-2003 | 11:53:46 | | 538 | 572d6c18
File Copy: C:\Program Files\737\ATA B737 FMST\ibs_fmst\tcgrsw04.bmp | 08-26-2003 | 11:53:46 | | 458 | 84028c3c
File Copy: C:\Program Files\737\ATA B737 FMST\ibs_fmst\tcitab01.bmp | 08-26-2003 | 11:53:46 | | 16166 | 227cd16a
File Copy: C:\Program Files\737\ATA B737 FMST\ibs_fmst\tcitab01_fwd.bmp | 08-26-2003 | 11:53:46 | | 16166 | 93bea7f8
File Copy: C:\Program Files\737\ATA B737 FMST\ibs_fmst\tcitab02.bmp | 08-26-2003 | 11:53:46 | | 16166 | 22591325
File Copy: C:\Program Files\737\ATA B737 FMST\ibs_fmst\tcitab1a.bmp | 08-26-2003 | 11:53:46 | | 16168 | 6d3f294f
File Copy: C:\Program Files\737\ATA B737 FMST\ibs_fmst\tcitab2a.bmp | 08-26-2003 | 11:53:46 | | 16168 | 359b815d
File Copy: C:\Program Files\737\ATA B737 FMST\ibs_fmst\tcsbsw01.bmp | 08-26-2003 | 11:53:46 | | 378 | d6b66b3c
File Copy: C:\Program Files\737\ATA B737 FMST\ibs_fmst\tcsbsw02.bmp | 08-26-2003 | 11:53:46 | | 362 | 2fafbafc
File Copy: C:\Program Files\737\ATA B737 FMST\ibs_fmst\tcsbsw03.bmp | 08-26-2003 | 11:53:46 | | 378 | 5a6ebdd9
File Copy: C:\Program Files\737\ATA B737 FMST\ibs_fmst\tcsbsw04.bmp | 08-26-2003 | 11:53:46 | | 378 | d85aefc9
File Copy: C:\Program Files\737\ATA B737 FMST\ibs_fmst\tcsbsw05.bmp | 08-26-2003 | 11:53:46 | | 378 | 8bd9a881
File Copy: C:\Program Files\737\ATA B737 FMST\ibs_fmst\tcsbsw06.bmp | 08-26-2003 | 11:53:46 | | 378 | 8bd9a881
File Copy: C:\Program Files\737\ATA B737 FMST\ibs_fmst\tcthtl01.bmp | 08-26-2003 | 11:53:46 | | 758 | 8621ed8e
File Copy: C:\Program Files\737\ATA B737 FMST\ibs_fmst\tcthtl02.bmp | 08-26-2003 | 11:53:46 | | 758 | 49972ebe
File Copy: C:\Program Files\737\ATA B737 FMST\ibs_fmst\template.ibs | 08-26-2003 | 11:53:46 | | 511 | 1538a082
File Copy: C:\Program Files\737\ATA B737 FMST\ibs_fmst\teof01.bmp | 08-26-2003 | 11:53:46 | | 4424 | 3c76013d
File Copy: C:\Program Files\737\ATA B737 FMST\ibs_fmst\Teof02.bmp | 08-26-2003 | 11:53:48 | | 5568 | 8550c3a3
File Copy: C:\Program Files\737\ATA B737 FMST\ibs_fmst\Teof03.bmp | 08-26-2003 | 11:53:48 | | 4424 | 181c546d
File Copy: C:\Program Files\737\ATA B737 FMST\ibs_fmst\Teof04.bmp | 08-26-2003 | 11:53:48 | | 4424 | cbf4d425
File Copy: C:\Program Files\737\ATA B737 FMST\ibs_fmst\teof05.bmp | 08-26-2003 | 11:53:48 | | 4424 | 43371e21
File Copy: C:\Program Files\737\ATA B737 FMST\ibs_fmst\Teof_mask01.BMP | 08-26-2003 | 11:53:48 | | 4424 | f0182947
File Copy: C:\Program Files\737\ATA B737 FMST\ibs_fmst\Teof_mask02.BMP | 08-26-2003 | 11:53:48 | | 5568 | 8499783b
File Copy: C:\Program Files\737\ATA B737 FMST\ibs_fmst\Teof_mask03.BMP | 08-26-2003 | 11:53:48 | | 4424 | d4727c17
File Copy: C:\Program Files\737\ATA B737 FMST\ibs_fmst\Teof_mask04.BMP | 08-26-2003 | 11:53:48 | | 4424 | 79afc5f
File Copy: C:\Program Files\737\ATA B737 FMST\ibs_fmst\Teof_mask05.BMP | 08-26-2003 | 11:53:48 | | 4424 | 8f59365b
File Copy: C:\Program Files\737\ATA B737 FMST\ibs_fmst\teop01.bmp | 08-26-2003 | 11:53:48 | | 4424 | a9e50e4e
File Copy: C:\Program Files\737\ATA B737 FMST\ibs_fmst\teop02.bmp | 08-26-2003 | 11:53:48 | | 5568 | 9324c059
File Copy: C:\Program Files\737\ATA B737 FMST\ibs_fmst\teop03.bmp | 08-26-2003 | 11:53:48 | | 4424 | ca4e39dd
File Copy: C:\Program Files\737\ATA B737 FMST\ibs_fmst\teop04.bmp | 08-26-2003 | 11:53:48 | | 4424 | a5c7033a
File Copy: C:\Program Files\737\ATA B737 FMST\ibs_fmst\teop05.bmp | 08-26-2003 | 11:53:48 | | 4424 | afef61a5
File Copy: C:\Program Files\737\ATA B737 FMST\ibs_fmst\Teop_mask01.BMP | 08-26-2003 | 11:53:48 | | 4424 | 895359b0
File Copy: C:\Program Files\737\ATA B737 FMST\ibs_fmst\Teop_mask02.BMP | 08-26-2003 | 11:53:48 | | 5568 | d4da274
File Copy: C:\Program Files\737\ATA B737 FMST\ibs_fmst\Teop_mask03.BMP | 08-26-2003 | 11:53:48 | | 4424 | eaf86e23
File Copy: C:\Program Files\737\ATA B737 FMST\ibs_fmst\Teop_mask04.BMP | 08-26-2003 | 11:53:48 | | 4424 | 857154c4
File Copy: C:\Program Files\737\ATA B737 FMST\ibs_fmst\Teop_mask05.BMP | 08-26-2003 | 11:53:48 | | 4424 | 8f59365b
File Copy: C:\Program Files\737\ATA B737 FMST\ibs_fmst\throt.bmp | 08-26-2003 | 11:53:48 | | 6316 | dde86a3b
File Copy: C:\Program Files\737\ATA B737 FMST\ibs_fmst\throt01.bmp | 08-26-2003 | 11:53:48 | | 2356 | 17ee326e
File Copy: C:\Program Files\737\ATA B737 FMST\ibs_fmst\throt10.bmp | 08-26-2003 | 11:53:48 | | 8536 | b16dd5fe
File Copy: C:\Program Files\737\ATA B737 FMST\ibs_fmst\throt11.bmp | 08-26-2003 | 11:53:48 | | 8536 | b2bc1e1
File Copy: C:\Program Files\737\ATA B737 FMST\ibs_fmst\throt12.bmp | 08-26-2003 | 11:53:48 | | 1912 | 5fbd4e26
File Copy: C:\Program Files\737\ATA B737 FMST\ibs_fmst\throt13.bmp | 08-26-2003 | 11:53:48 | | 1912 | a7501dd1
File Copy: C:\Program Files\737\ATA B737 FMST\ibs_fmst\tidrcls01.ibs | 08-26-2003 | 11:53:48 | | 6258 | bdbc57ff
File Copy: C:\Program Files\737\ATA B737 FMST\ibs_fmst\tiexit.ibs | 08-26-2003 | 11:53:48 | | 1473 | 9f01e54d
File Copy: C:\Program Files\737\ATA B737 FMST\ibs_fmst\tifzs.ibs | 08-26-2003 | 11:53:48 | | 1532 | ce0621da
File Copy: C:\Program Files\737\ATA B737 FMST\ibs_fmst\tikbd00.ibs | 08-26-2003 | 11:53:48 | | 6612 | 6dedfd83
File Copy: C:\Program Files\737\ATA B737 FMST\ibs_fmst\tikbd01.ibs | 08-26-2003 | 11:53:48 | | 4360 | d2070a59
File Copy: C:\Program Files\737\ATA B737 FMST\ibs_fmst\tikbd02.ibs | 08-26-2003 | 11:53:48 | | 5698 | c75c61aa
File Copy: C:\Program Files\737\ATA B737 FMST\ibs_fmst\tikeybd00.bmp | 08-26-2003 | 11:53:48 | | 393658 | d46f0432
File Copy: C:\Program Files\737\ATA B737 FMST\ibs_fmst\tikeybd01.bmp | 08-26-2003 | 11:53:48 | | 215536 | 68b1356c
File Copy: C:\Program Files\737\ATA B737 FMST\ibs_fmst\timalfarm.ibs | 08-26-2003 | 11:53:48 | | 6267 | 6fee780c
File Copy: C:\Program Files\737\ATA B737 FMST\ibs_fmst\timtlb.ibs | 08-26-2003 | 11:53:48 | | 9401 | abcdf798
File Copy: C:\Program Files\737\ATA B737 FMST\ibs_fmst\tinkeybd00.bmp | 08-26-2003 | 11:53:48 | | 393660 | cbf757ea
File Copy: C:\Program Files\737\ATA B737 FMST\ibs_fmst\tirrwy00.ibs | 08-26-2003 | 11:53:48 | | 1793 | 88c8cd6
File Copy: C:\Program Files\737\ATA B737 FMST\ibs_fmst\tirrwybd00.bmp | 08-26-2003 | 11:53:48 | | 142694 | 6d00d556
File Copy: C:\Program Files\737\ATA B737 FMST\ibs_fmst\tisetp.ibs | 08-26-2003 | 11:53:48 | | 435 | 86cacdad
File Copy: C:\Program Files\737\ATA B737 FMST\ibs_fmst\tisimc00.ibs | 08-26-2003 | 11:53:48 | | 9713 | 11386f51
File Copy: C:\Program Files\737\ATA B737 FMST\ibs_fmst\tisimc01.ibs | 08-26-2003 | 11:53:48 | | 3416 | e90db2f4
File Copy: C:\Program Files\737\ATA B737 FMST\ibs_fmst\tisimc02.ibs | 08-26-2003 | 11:53:48 | | 3043 | f73455e
File Copy: C:\Program Files\737\ATA B737 FMST\ibs_fmst\tisimc03.ibs | 08-26-2003 | 11:53:48 | | 8595 | 3377787a
File Copy: C:\Program Files\737\ATA B737 FMST\ibs_fmst\tisimc04.ibs | 08-26-2003 | 11:53:48 | | 3623 | b677bcbf
File Copy: C:\Program Files\737\ATA B737 FMST\ibs_fmst\tisimc05.ibs | 08-26-2003 | 11:53:48 | | 2621 | ef491410
File Copy: C:\Program Files\737\ATA B737 FMST\ibs_fmst\tisnap.ibs | 08-26-2003 | 11:53:48 | | 1604 | 6c99d1ab
File Copy: C:\Program Files\737\ATA B737 FMST\ibs_fmst\titabs.ibs | 08-26-2003 | 11:53:48 | | 1507 | b71c7b6b
File Copy: C:\Program Files\737\ATA B737 FMST\ibs_fmst\tpblgo01.bmp | 08-26-2003 | 11:53:48 | | 14038 | 655faf8
File Copy: C:\Program Files\737\ATA B737 FMST\ibs_fmst\tpbtlb00.bmp | 08-26-2003 | 11:53:48 | | 16330 | 553e3a8c
File Copy: C:\Program Files\737\ATA B737 FMST\ibs_fmst\tpdata00.bmp | 08-26-2003 | 11:53:48 | | 9054 | 70935d3
File Copy: C:\Program Files\737\ATA B737 FMST\ibs_fmst\tpexit00.bmp | 08-26-2003 | 11:53:48 | | 77078 | f3dfff03
File Copy: C:\Program Files\737\ATA B737 FMST\ibs_fmst\tpflap01.bmp | 08-26-2003 | 11:53:48 | | 5078 | 92425a3c
File Copy: C:\Program Files\737\ATA B737 FMST\ibs_fmst\tpflct00.bmp | 08-26-2003 | 11:53:48 | | 63010 | eedd4ea1
File Copy: C:\Program Files\737\ATA B737 FMST\ibs_fmst\tpflct01.bmp | 08-26-2003 | 11:53:48 | | 34258 | a97df22d
File Copy: C:\Program Files\737\ATA B737 FMST\ibs_fmst\tpfzs00.bmp | 08-26-2003 | 11:53:50 | | 33234 | 8a2578ee
File Copy: C:\Program Files\737\ATA B737 FMST\ibs_fmst\tpgear01.bmp | 08-26-2003 | 11:53:50 | | 3398 | 8b74a000
File Copy: C:\Program Files\737\ATA B737 FMST\ibs_fmst\tplesn00.bmp | 08-26-2003 | 11:53:50 | | 63010 | eedd4ea1
File Copy: C:\Program Files\737\ATA B737 FMST\ibs_fmst\tpmtlb00.bmp | 08-26-2003 | 11:53:50 | | 49250 | 51868fb9
File Copy: C:\Program Files\737\ATA B737 FMST\ibs_fmst\tppbar01.bmp | 08-26-2003 | 11:53:50 | | 15294 | e8662889
File Copy: C:\Program Files\737\ATA B737 FMST\ibs_fmst\tpreps00.bmp | 08-26-2003 | 11:53:50 | | 63010 | 85c7a29d
File Copy: C:\Program Files\737\ATA B737 FMST\ibs_fmst\tprsfz00.bmp | 08-26-2003 | 11:53:50 | | 63010 | b22159f7
File Copy: C:\Program Files\737\ATA B737 FMST\ibs_fmst\tpsetp00.bmp | 08-26-2003 | 11:53:50 | | 520798 | e45fe00c
File Copy: C:\Program Files\737\ATA B737 FMST\ibs_fmst\tpsnap00.bmp | 08-26-2003 | 11:53:50 | | 77078 | 827d5edf
File Copy: C:\Program Files\737\ATA B737 FMST\ibs_fmst\tpsnaplimit.bmp | 08-26-2003 | 11:53:50 | | 197456 | fcca0e1f
File Copy: C:\Program Files\737\ATA B737 FMST\ibs_fmst\tpspdb01.bmp | 08-26-2003 | 11:53:50 | | 3918 | 2fd788da
File Copy: C:\Program Files\737\ATA B737 FMST\ibs_fmst\tpthtl01.bmp | 08-26-2003 | 11:53:50 | | 2542 | 123f41d2
File Copy: C:\Program Files\737\ATA B737 FMST\ibs_fmst\tpthtl02.bmp | 08-26-2003 | 11:53:50 | | 1166 | 845abd64
File Copy: C:\Program Files\737\ATA B737 FMST\ibs_fmst\tptlgo01.bmp | 08-26-2003 | 11:53:50 | | 13986 | 5c6c8a8b
File Copy: C:\Program Files\737\ATA B737 FMST\ibs_fmst\tpttlb00.bmp | 08-26-2003 | 11:53:50 | | 13198 | 8869617d
File Copy: C:\Program Files\737\ATA B737 FMST\ibs_fmst\ttaltq01.bmp | 08-26-2003 | 11:53:50 | | 3978 | 97e3a25c
File Copy: C:\Program Files\737\ATA B737 FMST\ibs_fmst\ttias01.bmp | 08-26-2003 | 11:53:50 | | 4426 | fe3b3f5b
File Copy: C:\Program Files\737\ATA B737 FMST\ibs_fmst\ttmach01.bmp | 08-26-2003 | 11:53:50 | | 1334 | 821797e1
File Copy: C:\Program Files\737\ATA B737 FMST\ibs_fmst\ttspdb01.bmp | 08-26-2003 | 11:53:50 | | 1806 | f6b1d251
File Copy: C:\Program Files\737\ATA B737 FMST\ibs_fmst\ttthtl01.bmp | 08-26-2003 | 11:53:50 | | 1694 | 79117658
File Copy: C:\Program Files\737\ATA B737 FMST\ibs_fmst\ttvrts01.bmp | 08-26-2003 | 11:53:50 | | 4438 | 446f8967
File Copy: C:\Program Files\737\ATA B737 FMST\ibs_fmst\ttvstrip.bmp | 08-26-2003 | 11:53:50 | | 252 | 8f1ba646
File Copy: C:\Program Files\737\ATA B737 FMST\ibs_fmst\vssver.scc | 08-26-2003 | 11:53:50 | | 11728 | 90a02392
File Copy: C:\Program Files\737\ATA B737 FMST\ibs_fmst\wrp101_raaf.ibs | 08-26-2003 | 11:53:50 | | 3359 | 2aa4b28a
File Copy: C:\Program Files\737\ATA B737 FMST\ibs_fmst\wrp_raaf.bmp | 08-26-2003 | 11:53:50 | | 78728 | a9ac2842
File Copy: C:\Program Files\737\ATA B737 FMST\ibs_fmst\wrp_raaf01.bmp | 08-26-2003 | 11:53:50 | | 536 | 6edc0d22
File Copy: C:\Program Files\737\ATA B737 FMST\b737ng.exe | 08-26-2003 | 12:01:06 | 2.0.0.0 | 8138810 | a11e4b9b
File Copy: C:\Program Files\737\ATA B737 FMST\ndbsmith.exe | 09-05-2002 | 13:57:00 | | 309141 | e9295a6c
Made Dir: C:\Program Files\737\ATA B737 FMST\data
Made Dir: C:\Program Files\737\ATA B737 FMST\data\ATA
Made Dir: C:\Program Files\737\ATA B737 FMST\data\ATA\fmst
File Copy: C:\Program Files\737\ATA B737 FMST\data\ATA\fmst\options.dat | 08-26-2003 | 12:01:34 | | 48799 | 62746945
File Copy: C:\Program Files\737\ATA B737 FMST\data\ATA\fmst\user.dat | 08-26-2003 | 11:34:58 | 1.0.0.0 | 340 | d3135b4b
INI File: C:\Program Files\737\ATA B737 FMST\user.cfg
INI Sect: DIRECTORY
INI Item: PATH_EXE
INI Val: .
INI File: C:\Program Files\737\ATA B737 FMST\user.cfg
INI Sect: DIRECTORY
INI Item: PATH_NDB
INI Val: .\ndb
INI File: C:\Program Files\737\ATA B737 FMST\user.cfg
INI Sect: DIRECTORY
INI Item: PATH_SNP
INI Val: .\snap
INI File: C:\Program Files\737\ATA B737 FMST\user.cfg
INI Sect: DIRECTORY
INI Item: PATH_DR
INI Val: .\snap
INI File: C:\Program Files\737\ATA B737 FMST\user.cfg
INI Sect: DIRECTORY
INI Item: PATH_LPN
INI Val: .\lpn
INI File: C:\Program Files\737\ATA B737 FMST\user.cfg
INI Sect: DIRECTORY
INI Item: PATH_TMP
INI Val: .\temp
INI File: C:\Program Files\737\ATA B737 FMST\user.cfg
INI Sect: DIRECTORY
INI Item: PATH_DATA
INI Val: .\data\ATA\fmst
INI File: C:\Program Files\737\ATA B737 FMST\user.cfg
INI Sect: DIRECTORY
INI Item: PATH_DATA1
INI Val: .\audio
INI File: C:\Program Files\737\ATA B737 FMST\user.cfg
INI Sect: DIRECTORY
INI Item: PATH_HELP
INI Val: .
Made Dir: C:\windows\profiles\root\Start Menu\Programs\Aerosim
Shell Link: C:\windows\profiles\root\Start Menu\Programs\Aerosim\Aerosim B737 FMST 2.1.8.1.lnk
Link Info: C:\Program Files\737\ATA B737 FMST\b737ng.exe |  |  | 0 | 1 | 0 | 
Made Dir: C:\windows\profiles\All Users\Start Menu\Programs\Aerosim
Shell Link: C:\windows\profiles\All Users\Start Menu\Programs\Aerosim\Aerosim B737 FMST 2.1.8.1.lnk
Link Info: C:\Program Files\737\ATA B737 FMST\b737ng.exe | C:\Program Files\737\ATA B737 FMST |  | 0 | 1 | 0 | 
Made Dir: C:\Program Files\737\ATA B737 FMST\ndb
File Copy: C:\Program Files\737\ATA B737 FMST\ndb\adf.ndb | 09-14-2001 | 15:37:22 | | 366480 | 386a22c4
File Copy: C:\Program Files\737\ATA B737 FMST\ndb\appr.ndb | 09-14-2001 | 15:51:24 | | 11328300 | 63101228
File Copy: C:\Program Files\737\ATA B737 FMST\ndb\aprt.ndb | 09-14-2001 | 15:37:46 | | 316074 | 685957ca
File Copy: C:\Program Files\737\ATA B737 FMST\ndb\awy.ndb | 09-14-2001 | 15:42:00 | | 1610124 | b33f828e
File Copy: C:\Program Files\737\ATA B737 FMST\ndb\config.ndb | 09-14-2001 | 15:51:36 | | 153 | fb86471d
File Copy: C:\Program Files\737\ATA B737 FMST\ndb\crte.ndb | 09-14-2001 | 15:51:36 | | 23 | 93599e07
File Copy: C:\Program Files\737\ATA B737 FMST\ndb\gate.ndb | 09-14-2001 | 15:42:02 | | 23 | 36c4ea10
File Copy: C:\Program Files\737\ATA B737 FMST\ndb\hold.ndb | 09-14-2001 | 15:51:32 | | 75753 | 4bed7f96
File Copy: C:\Program Files\737\ATA B737 FMST\ndb\ils.ndb | 09-14-2001 | 15:41:20 | | 298074 | 33a452e4
File Copy: C:\Program Files\737\ATA B737 FMST\ndb\MAGVAR.NDB | 10-09-1996 | 10:26:24 | | 560040 | 8a7dd6be
File Copy: C:\Program Files\737\ATA B737 FMST\ndb\rwy.ndb | 09-14-2001 | 15:41:22 | | 729418 | 9da45dca
File Copy: C:\Program Files\737\ATA B737 FMST\ndb\sid.ndb | 09-14-2001 | 15:44:08 | | 5470990 | 3b241ccc
File Copy: C:\Program Files\737\ATA B737 FMST\ndb\star.ndb | 09-14-2001 | 15:45:42 | | 3077755 | cc2838c
File Copy: C:\Program Files\737\ATA B737 FMST\ndb\vhf.ndb | 09-14-2001 | 15:37:20 | | 350221 | 33ca4ba5
File Copy: C:\Program Files\737\ATA B737 FMST\ndb\wpt.ndb | 09-14-2001 | 15:37:42 | | 2602556 | a67ffd65
Made Dir: C:\Program Files\737\ATA B737 FMST\lpn
File Copy: C:\Program Files\737\ATA B737 FMST\lpn\lpe_trig.cfg | 08-26-2003 | 11:53:50 | | 1227 | 78d4a48
File Copy: C:\Program Files\737\ATA B737 FMST\lpn\ptre1.bmp | 08-26-2003 | 11:53:50 | | 7158 | e566bdce
File Copy: C:\Program Files\737\ATA B737 FMST\lpn\ptre2.bmp | 08-26-2003 | 11:53:50 | | 7158 | 25215a4e
File Copy: C:\Program Files\737\ATA B737 FMST\lpn\ptrn1.bmp | 08-26-2003 | 11:53:52 | | 7158 | 2796c907
File Copy: C:\Program Files\737\ATA B737 FMST\lpn\ptrn2.bmp | 08-26-2003 | 11:53:52 | | 7158 | 84ad0388
File Copy: C:\Program Files\737\ATA B737 FMST\lpn\ptrne1.bmp | 08-26-2003 | 11:53:52 | | 7158 | 25746a68
File Copy: C:\Program Files\737\ATA B737 FMST\lpn\ptrne2.bmp | 08-26-2003 | 11:53:52 | | 7158 | 6e4ec07e
File Copy: C:\Program Files\737\ATA B737 FMST\lpn\ptrnw1.bmp | 08-26-2003 | 11:53:52 | | 6228 | 85e19598
File Copy: C:\Program Files\737\ATA B737 FMST\lpn\ptrnw2.bmp | 08-26-2003 | 11:53:52 | | 3198 | 819c6f73
File Copy: C:\Program Files\737\ATA B737 FMST\lpn\ptrs1.bmp | 08-26-2003 | 11:53:52 | | 7158 | 82343ee9
File Copy: C:\Program Files\737\ATA B737 FMST\lpn\ptrs2.bmp | 08-26-2003 | 11:53:52 | | 7158 | 4c07d0a8
File Copy: C:\Program Files\737\ATA B737 FMST\lpn\ptrse1.bmp | 08-26-2003 | 11:53:52 | | 6356 | 98fb7985
File Copy: C:\Program Files\737\ATA B737 FMST\lpn\ptrse2.bmp | 08-26-2003 | 11:53:52 | | 3198 | bf6ac2ca
File Copy: C:\Program Files\737\ATA B737 FMST\lpn\ptrsw1.bmp | 08-26-2003 | 11:53:52 | | 6228 | 85d2c89c
File Copy: C:\Program Files\737\ATA B737 FMST\lpn\ptrsw2.bmp | 08-26-2003 | 11:53:52 | | 3198 | 64509046
File Copy: C:\Program Files\737\ATA B737 FMST\lpn\ptrw1.bmp | 08-26-2003 | 11:53:52 | | 7158 | d04b0a6
File Copy: C:\Program Files\737\ATA B737 FMST\lpn\ptrw2.bmp | 08-26-2003 | 11:53:52 | | 7158 | d07ba9f5
File Copy: C:\Program Files\737\ATA B737 FMST\lpn\vssver.scc | 08-26-2003 | 11:53:52 | | 304 | e0ef36d3
File Tree: C:\PROG~FBU\737\ATA_~23E\*.*
User Rights: Admin
